0 info it worked if it ends with ok
1 verbose cli [ '/usr/bin/node', '/usr/bin/npm', 'install' ]
2 info using npm@1.4.28
3 info using node@v0.10.37
4 verbose node symlink /usr/bin/node
5 verbose readDependencies using package.json deps
6 verbose install where, deps [ '/home/shwetha/IIITH/sem3/SCE_TA/evaluator',
6 verbose install   [ 'body-parser',
6 verbose install     'cookie-parser',
6 verbose install     'debug',
6 verbose install     'express',
6 verbose install     'jade',
6 verbose install     'morgan',
6 verbose install     'serve-favicon',
6 verbose install     'mongoose',
6 verbose install     'express-session' ] ]
7 info preinstall evaluator@0.0.0
8 verbose readDependencies using package.json deps
9 verbose already installed skipping body-parser@~1.13.2 /home/shwetha/IIITH/sem3/SCE_TA/evaluator
10 verbose already installed skipping cookie-parser@~1.3.5 /home/shwetha/IIITH/sem3/SCE_TA/evaluator
11 verbose already installed skipping debug@~2.2.0 /home/shwetha/IIITH/sem3/SCE_TA/evaluator
12 verbose already installed skipping express@~4.13.1 /home/shwetha/IIITH/sem3/SCE_TA/evaluator
13 verbose already installed skipping jade@~1.11.0 /home/shwetha/IIITH/sem3/SCE_TA/evaluator
14 verbose already installed skipping morgan@~1.6.1 /home/shwetha/IIITH/sem3/SCE_TA/evaluator
15 verbose already installed skipping serve-favicon@~2.3.0 /home/shwetha/IIITH/sem3/SCE_TA/evaluator
16 verbose already installed skipping mongoose@~3.8.11 /home/shwetha/IIITH/sem3/SCE_TA/evaluator
17 verbose cache add [ 'express-session@^1.7.6', null ]
18 verbose cache add name=undefined spec="express-session@^1.7.6" args=["express-session@^1.7.6",null]
19 verbose parsed url { protocol: null,
19 verbose parsed url   slashes: null,
19 verbose parsed url   auth: null,
19 verbose parsed url   host: null,
19 verbose parsed url   port: null,
19 verbose parsed url   hostname: null,
19 verbose parsed url   hash: null,
19 verbose parsed url   search: null,
19 verbose parsed url   query: null,
19 verbose parsed url   pathname: 'express-session@^1.7.6',
19 verbose parsed url   path: 'express-session@^1.7.6',
19 verbose parsed url   href: 'express-session@^1.7.6' }
20 verbose cache add name="express-session" spec="^1.7.6" args=["express-session","^1.7.6"]
21 verbose parsed url { protocol: null,
21 verbose parsed url   slashes: null,
21 verbose parsed url   auth: null,
21 verbose parsed url   host: null,
21 verbose parsed url   port: null,
21 verbose parsed url   hostname: null,
21 verbose parsed url   hash: null,
21 verbose parsed url   search: null,
21 verbose parsed url   query: null,
21 verbose parsed url   pathname: '^1.7.6',
21 verbose parsed url   path: '^1.7.6',
21 verbose parsed url   href: '^1.7.6' }
22 verbose addNamed [ 'express-session', '^1.7.6' ]
23 verbose addNamed [ null, '>=1.7.6-0 <2.0.0-0' ]
24 silly lockFile 70f35bb2-express-session-1-7-6 express-session@^1.7.6
25 verbose lock express-session@^1.7.6 /home/shwetha/.npm/70f35bb2-express-session-1-7-6.lock
26 silly addNameRange { name: 'express-session',
26 silly addNameRange   range: '>=1.7.6-0 <2.0.0-0',
26 silly addNameRange   hasData: false }
27 verbose request where is /express-session
28 verbose request registry https://registry.npmjs.org/
29 verbose request id c622e391cd6e2f1c
30 verbose url raw /express-session
31 verbose url resolving [ 'https://registry.npmjs.org/', './express-session' ]
32 verbose url resolved https://registry.npmjs.org/express-session
33 verbose request where is https://registry.npmjs.org/express-session
34 info trying registry request attempt 1 at 18:23:12
35 http GET https://registry.npmjs.org/express-session
36 http 200 https://registry.npmjs.org/express-session
37 silly registry.get cb [ 200,
37 silly registry.get   { server: 'CouchDB/1.5.0 (Erlang OTP/R16B03)',
37 silly registry.get     etag: '"5CNFSSQ3VS57EH3OROU61IT9I"',
37 silly registry.get     'content-type': 'application/json',
37 silly registry.get     'cache-control': 'max-age=60',
37 silly registry.get     'content-length': '87170',
37 silly registry.get     'accept-ranges': 'bytes',
37 silly registry.get     date: 'Tue, 22 Sep 2015 12:52:13 GMT',
37 silly registry.get     via: '1.1 varnish',
37 silly registry.get     age: '11',
37 silly registry.get     connection: 'keep-alive',
37 silly registry.get     'x-served-by': 'cache-sin6922-SIN',
37 silly registry.get     'x-cache': 'HIT',
37 silly registry.get     'x-cache-hits': '13',
37 silly registry.get     'x-timer': 'S1442926333.181302,VS0,VE0',
37 silly registry.get     vary: 'Accept' } ]
38 silly addNameRange number 2 { name: 'express-session',
38 silly addNameRange   range: '>=1.7.6-0 <2.0.0-0',
38 silly addNameRange   hasData: true }
39 silly addNameRange versions [ 'express-session',
39 silly addNameRange   [ '1.0.0',
39 silly addNameRange     '1.0.1',
39 silly addNameRange     '1.0.2',
39 silly addNameRange     '1.0.3',
39 silly addNameRange     '1.0.4',
39 silly addNameRange     '1.1.0',
39 silly addNameRange     '1.2.0',
39 silly addNameRange     '1.2.1',
39 silly addNameRange     '1.3.0',
39 silly addNameRange     '1.3.1',
39 silly addNameRange     '1.4.0',
39 silly addNameRange     '1.5.0',
39 silly addNameRange     '1.5.1',
39 silly addNameRange     '1.5.2',
39 silly addNameRange     '1.6.0',
39 silly addNameRange     '1.6.1',
39 silly addNameRange     '1.6.2',
39 silly addNameRange     '1.6.3',
39 silly addNameRange     '1.6.4',
39 silly addNameRange     '1.6.5',
39 silly addNameRange     '1.7.0',
39 silly addNameRange     '1.7.1',
39 silly addNameRange     '1.7.2',
39 silly addNameRange     '1.7.3',
39 silly addNameRange     '1.7.4',
39 silly addNameRange     '1.7.5',
39 silly addNameRange     '1.7.6',
39 silly addNameRange     '1.8.0',
39 silly addNameRange     '1.8.1',
39 silly addNameRange     '1.8.2',
39 silly addNameRange     '1.9.0',
39 silly addNameRange     '1.9.1',
39 silly addNameRange     '1.9.2',
39 silly addNameRange     '1.9.3',
39 silly addNameRange     '1.10.0',
39 silly addNameRange     '1.10.1',
39 silly addNameRange     '1.10.2',
39 silly addNameRange     '1.10.3',
39 silly addNameRange     '1.10.4',
39 silly addNameRange     '1.11.0',
39 silly addNameRange     '1.11.1',
39 silly addNameRange     '1.11.2',
39 silly addNameRange     '1.11.3' ] ]
40 verbose addNamed [ 'express-session', '1.11.3' ]
41 verbose addNamed [ '1.11.3', '1.11.3' ]
42 silly lockFile f67288dc-express-session-1-11-3 express-session@1.11.3
43 verbose lock express-session@1.11.3 /home/shwetha/.npm/f67288dc-express-session-1-11-3.lock
44 silly lockFile c09bdc8b-ssion-express-session-1-11-3-tgz https://registry.npmjs.org/express-session/-/express-session-1.11.3.tgz
45 verbose lock https://registry.npmjs.org/express-session/-/express-session-1.11.3.tgz /home/shwetha/.npm/c09bdc8b-ssion-express-session-1-11-3-tgz.lock
46 verbose addRemoteTarball [ 'https://registry.npmjs.org/express-session/-/express-session-1.11.3.tgz',
46 verbose addRemoteTarball   '5cc98f3f5ff84ed835f91cbf0aabd0c7107400af' ]
47 info retry fetch attempt 1 at 18:23:12
48 verbose fetch to= /tmp/npm-5117-bJaVlsvm/registry.npmjs.org/express-session/-/express-session-1.11.3.tgz
49 http GET https://registry.npmjs.org/express-session/-/express-session-1.11.3.tgz
50 http 200 https://registry.npmjs.org/express-session/-/express-session-1.11.3.tgz
51 silly lockFile c09bdc8b-ssion-express-session-1-11-3-tgz https://registry.npmjs.org/express-session/-/express-session-1.11.3.tgz
52 silly lockFile c09bdc8b-ssion-express-session-1-11-3-tgz https://registry.npmjs.org/express-session/-/express-session-1.11.3.tgz
53 silly lockFile f67288dc-express-session-1-11-3 express-session@1.11.3
54 silly lockFile f67288dc-express-session-1-11-3 express-session@1.11.3
55 silly lockFile 70f35bb2-express-session-1-7-6 express-session@^1.7.6
56 silly lockFile 70f35bb2-express-session-1-7-6 express-session@^1.7.6
57 silly resolved [ { name: 'express-session',
57 silly resolved     version: '1.11.3',
57 silly resolved     description: 'Simple session middleware for Express',
57 silly resolved     author:
57 silly resolved      { name: 'TJ Holowaychuk',
57 silly resolved        email: 'tj@vision-media.ca',
57 silly resolved        url: 'http://tjholowaychuk.com' },
57 silly resolved     contributors: [ [Object], [Object] ],
57 silly resolved     repository: { type: 'git', url: 'https://github.com/expressjs/session' },
57 silly resolved     license: 'MIT',
57 silly resolved     dependencies:
57 silly resolved      { cookie: '0.1.3',
57 silly resolved        'cookie-signature': '1.0.6',
57 silly resolved        crc: '3.3.0',
57 silly resolved        debug: '~2.2.0',
57 silly resolved        depd: '~1.0.1',
57 silly resolved        'on-headers': '~1.0.0',
57 silly resolved        parseurl: '~1.3.0',
57 silly resolved        'uid-safe': '~2.0.0',
57 silly resolved        'utils-merge': '1.0.0' },
57 silly resolved     devDependencies:
57 silly resolved      { after: '0.8.1',
57 silly resolved        'cookie-parser': '~1.3.5',
57 silly resolved        express: '~4.12.4',
57 silly resolved        istanbul: '0.3.15',
57 silly resolved        mocha: '2.2.5',
57 silly resolved        supertest: '1.0.1' },
57 silly resolved     files: [ 'session/', 'HISTORY.md', 'LICENSE', 'index.js' ],
57 silly resolved     engines: { node: '>= 0.8.0' },
57 silly resolved     scripts:
57 silly resolved      { test: 'mocha --bail --reporter spec test/',
57 silly resolved        'test-cov': 'istanbul cover node_modules/mocha/bin/_mocha -- --reporter dot test/',
57 silly resolved        'test-travis': 'istanbul cover node_modules/mocha/bin/_mocha --report lcovonly -- --reporter spec test/' },
57 silly resolved     gitHead: '64e2e7a2d21da881ea53ab984f9eff4be58d7caf',
57 silly resolved     bugs: { url: 'https://github.com/expressjs/session/issues' },
57 silly resolved     homepage: 'https://github.com/expressjs/session',
57 silly resolved     _id: 'express-session@1.11.3',
57 silly resolved     _shasum: '5cc98f3f5ff84ed835f91cbf0aabd0c7107400af',
57 silly resolved     _from: 'express-session@^1.7.6',
57 silly resolved     _npmVersion: '1.4.28',
57 silly resolved     _npmUser: { name: 'dougwilson', email: 'doug@somethingdoug.com' },
57 silly resolved     maintainers: [ [Object], [Object], [Object] ],
57 silly resolved     dist:
57 silly resolved      { shasum: '5cc98f3f5ff84ed835f91cbf0aabd0c7107400af',
57 silly resolved        tarball: 'http://registry.npmjs.org/express-session/-/express-session-1.11.3.tgz' },
57 silly resolved     directories: {},
57 silly resolved     _resolved: 'https://registry.npmjs.org/express-session/-/express-session-1.11.3.tgz' } ]
58 info install express-session@1.11.3 into /home/shwetha/IIITH/sem3/SCE_TA/evaluator
59 info installOne express-session@1.11.3
60 verbose node_modules/express-session unbuild
61 verbose tar unpack /home/shwetha/.npm/express-session/1.11.3/package.tgz
62 silly lockFile 2fdf74af-tor-node-modules-express-session tar:///home/shwetha/IIITH/sem3/SCE_TA/evaluator/node_modules/express-session
63 verbose lock tar:///home/shwetha/IIITH/sem3/SCE_TA/evaluator/node_modules/express-session /home/shwetha/.npm/2fdf74af-tor-node-modules-express-session.lock
64 silly lockFile e32f6852-press-session-1-11-3-package-tgz tar:///home/shwetha/.npm/express-session/1.11.3/package.tgz
65 verbose lock tar:///home/shwetha/.npm/express-session/1.11.3/package.tgz /home/shwetha/.npm/e32f6852-press-session-1-11-3-package-tgz.lock
66 silly gunzTarPerm modes [ '775', '664' ]
67 silly gunzTarPerm extractEntry package.json
68 silly gunzTarPerm modified mode [ 'package.json', 438, 436 ]
69 silly gunzTarPerm extractEntry README.md
70 silly gunzTarPerm modified mode [ 'README.md', 438, 436 ]
71 silly gunzTarPerm extractEntry LICENSE
72 silly gunzTarPerm modified mode [ 'LICENSE', 438, 436 ]
73 silly gunzTarPerm extractEntry index.js
74 silly gunzTarPerm modified mode [ 'index.js', 438, 436 ]
75 silly gunzTarPerm extractEntry HISTORY.md
76 silly gunzTarPerm modified mode [ 'HISTORY.md', 438, 436 ]
77 silly gunzTarPerm extractEntry session/cookie.js
78 silly gunzTarPerm modified mode [ 'session/cookie.js', 438, 436 ]
79 silly gunzTarPerm extractEntry session/memory.js
80 silly gunzTarPerm modified mode [ 'session/memory.js', 438, 436 ]
81 silly gunzTarPerm extractEntry session/session.js
82 silly gunzTarPerm modified mode [ 'session/session.js', 438, 436 ]
83 silly gunzTarPerm extractEntry session/store.js
84 silly gunzTarPerm modified mode [ 'session/store.js', 438, 436 ]
85 silly lockFile 2fdf74af-tor-node-modules-express-session tar:///home/shwetha/IIITH/sem3/SCE_TA/evaluator/node_modules/express-session
86 silly lockFile 2fdf74af-tor-node-modules-express-session tar:///home/shwetha/IIITH/sem3/SCE_TA/evaluator/node_modules/express-session
87 silly lockFile e32f6852-press-session-1-11-3-package-tgz tar:///home/shwetha/.npm/express-session/1.11.3/package.tgz
88 silly lockFile e32f6852-press-session-1-11-3-package-tgz tar:///home/shwetha/.npm/express-session/1.11.3/package.tgz
89 info preinstall express-session@1.11.3
90 verbose readDependencies using package.json deps
91 verbose readDependencies using package.json deps
92 verbose cache add [ 'cookie@0.1.3', null ]
93 verbose cache add name=undefined spec="cookie@0.1.3" args=["cookie@0.1.3",null]
94 verbose parsed url { protocol: null,
94 verbose parsed url   slashes: null,
94 verbose parsed url   auth: null,
94 verbose parsed url   host: null,
94 verbose parsed url   port: null,
94 verbose parsed url   hostname: null,
94 verbose parsed url   hash: null,
94 verbose parsed url   search: null,
94 verbose parsed url   query: null,
94 verbose parsed url   pathname: 'cookie@0.1.3',
94 verbose parsed url   path: 'cookie@0.1.3',
94 verbose parsed url   href: 'cookie@0.1.3' }
95 verbose cache add [ 'cookie-signature@1.0.6', null ]
96 verbose cache add name=undefined spec="cookie-signature@1.0.6" args=["cookie-signature@1.0.6",null]
97 verbose parsed url { protocol: null,
97 verbose parsed url   slashes: null,
97 verbose parsed url   auth: null,
97 verbose parsed url   host: null,
97 verbose parsed url   port: null,
97 verbose parsed url   hostname: null,
97 verbose parsed url   hash: null,
97 verbose parsed url   search: null,
97 verbose parsed url   query: null,
97 verbose parsed url   pathname: 'cookie-signature@1.0.6',
97 verbose parsed url   path: 'cookie-signature@1.0.6',
97 verbose parsed url   href: 'cookie-signature@1.0.6' }
98 verbose cache add name="cookie" spec="0.1.3" args=["cookie","0.1.3"]
99 verbose parsed url { protocol: null,
99 verbose parsed url   slashes: null,
99 verbose parsed url   auth: null,
99 verbose parsed url   host: null,
99 verbose parsed url   port: null,
99 verbose parsed url   hostname: null,
99 verbose parsed url   hash: null,
99 verbose parsed url   search: null,
99 verbose parsed url   query: null,
99 verbose parsed url   pathname: '0.1.3',
99 verbose parsed url   path: '0.1.3',
99 verbose parsed url   href: '0.1.3' }
100 verbose addNamed [ 'cookie', '0.1.3' ]
101 verbose addNamed [ '0.1.3', '0.1.3' ]
102 silly lockFile e880fb32-cookie-0-1-3 cookie@0.1.3
103 verbose lock cookie@0.1.3 /home/shwetha/.npm/e880fb32-cookie-0-1-3.lock
104 verbose cache add name="cookie-signature" spec="1.0.6" args=["cookie-signature","1.0.6"]
105 verbose parsed url { protocol: null,
105 verbose parsed url   slashes: null,
105 verbose parsed url   auth: null,
105 verbose parsed url   host: null,
105 verbose parsed url   port: null,
105 verbose parsed url   hostname: null,
105 verbose parsed url   hash: null,
105 verbose parsed url   search: null,
105 verbose parsed url   query: null,
105 verbose parsed url   pathname: '1.0.6',
105 verbose parsed url   path: '1.0.6',
105 verbose parsed url   href: '1.0.6' }
106 verbose addNamed [ 'cookie-signature', '1.0.6' ]
107 verbose addNamed [ '1.0.6', '1.0.6' ]
108 silly lockFile 73d54cec-cookie-signature-1-0-6 cookie-signature@1.0.6
109 verbose lock cookie-signature@1.0.6 /home/shwetha/.npm/73d54cec-cookie-signature-1-0-6.lock
110 verbose cache add [ 'crc@3.3.0', null ]
111 verbose cache add name=undefined spec="crc@3.3.0" args=["crc@3.3.0",null]
112 verbose parsed url { protocol: null,
112 verbose parsed url   slashes: null,
112 verbose parsed url   auth: null,
112 verbose parsed url   host: null,
112 verbose parsed url   port: null,
112 verbose parsed url   hostname: null,
112 verbose parsed url   hash: null,
112 verbose parsed url   search: null,
112 verbose parsed url   query: null,
112 verbose parsed url   pathname: 'crc@3.3.0',
112 verbose parsed url   path: 'crc@3.3.0',
112 verbose parsed url   href: 'crc@3.3.0' }
113 verbose cache add [ 'depd@~1.0.1', null ]
114 verbose cache add name=undefined spec="depd@~1.0.1" args=["depd@~1.0.1",null]
115 verbose parsed url { protocol: null,
115 verbose parsed url   slashes: null,
115 verbose parsed url   auth: null,
115 verbose parsed url   host: null,
115 verbose parsed url   port: null,
115 verbose parsed url   hostname: null,
115 verbose parsed url   hash: null,
115 verbose parsed url   search: null,
115 verbose parsed url   query: null,
115 verbose parsed url   pathname: 'depd@~1.0.1',
115 verbose parsed url   path: 'depd@~1.0.1',
115 verbose parsed url   href: 'depd@~1.0.1' }
116 verbose cache add [ 'on-headers@~1.0.0', null ]
117 verbose cache add name=undefined spec="on-headers@~1.0.0" args=["on-headers@~1.0.0",null]
118 verbose parsed url { protocol: null,
118 verbose parsed url   slashes: null,
118 verbose parsed url   auth: null,
118 verbose parsed url   host: null,
118 verbose parsed url   port: null,
118 verbose parsed url   hostname: null,
118 verbose parsed url   hash: null,
118 verbose parsed url   search: null,
118 verbose parsed url   query: null,
118 verbose parsed url   pathname: 'on-headers@~1.0.0',
118 verbose parsed url   path: 'on-headers@~1.0.0',
118 verbose parsed url   href: 'on-headers@~1.0.0' }
119 verbose cache add name="crc" spec="3.3.0" args=["crc","3.3.0"]
120 verbose parsed url { protocol: null,
120 verbose parsed url   slashes: null,
120 verbose parsed url   auth: null,
120 verbose parsed url   host: null,
120 verbose parsed url   port: null,
120 verbose parsed url   hostname: null,
120 verbose parsed url   hash: null,
120 verbose parsed url   search: null,
120 verbose parsed url   query: null,
120 verbose parsed url   pathname: '3.3.0',
120 verbose parsed url   path: '3.3.0',
120 verbose parsed url   href: '3.3.0' }
121 verbose addNamed [ 'crc', '3.3.0' ]
122 verbose addNamed [ '3.3.0', '3.3.0' ]
123 silly lockFile 3d3cb47d-crc-3-3-0 crc@3.3.0
124 verbose lock crc@3.3.0 /home/shwetha/.npm/3d3cb47d-crc-3-3-0.lock
125 verbose cache add name="depd" spec="~1.0.1" args=["depd","~1.0.1"]
126 verbose parsed url { protocol: null,
126 verbose parsed url   slashes: null,
126 verbose parsed url   auth: null,
126 verbose parsed url   host: null,
126 verbose parsed url   port: null,
126 verbose parsed url   hostname: null,
126 verbose parsed url   hash: null,
126 verbose parsed url   search: null,
126 verbose parsed url   query: null,
126 verbose parsed url   pathname: '~1.0.1',
126 verbose parsed url   path: '~1.0.1',
126 verbose parsed url   href: '~1.0.1' }
127 verbose addNamed [ 'depd', '~1.0.1' ]
128 verbose addNamed [ null, '>=1.0.1-0 <1.1.0-0' ]
129 silly lockFile 96f022c4-depd-1-0-1 depd@~1.0.1
130 verbose lock depd@~1.0.1 /home/shwetha/.npm/96f022c4-depd-1-0-1.lock
131 verbose cache add name="on-headers" spec="~1.0.0" args=["on-headers","~1.0.0"]
132 verbose parsed url { protocol: null,
132 verbose parsed url   slashes: null,
132 verbose parsed url   auth: null,
132 verbose parsed url   host: null,
132 verbose parsed url   port: null,
132 verbose parsed url   hostname: null,
132 verbose parsed url   hash: null,
132 verbose parsed url   search: null,
132 verbose parsed url   query: null,
132 verbose parsed url   pathname: '~1.0.0',
132 verbose parsed url   path: '~1.0.0',
132 verbose parsed url   href: '~1.0.0' }
133 verbose addNamed [ 'on-headers', '~1.0.0' ]
134 verbose addNamed [ null, '>=1.0.0-0 <1.1.0-0' ]
135 silly lockFile 40f6b5f7-on-headers-1-0-0 on-headers@~1.0.0
136 verbose lock on-headers@~1.0.0 /home/shwetha/.npm/40f6b5f7-on-headers-1-0-0.lock
137 verbose cache add [ 'parseurl@~1.3.0', null ]
138 verbose cache add name=undefined spec="parseurl@~1.3.0" args=["parseurl@~1.3.0",null]
139 verbose parsed url { protocol: null,
139 verbose parsed url   slashes: null,
139 verbose parsed url   auth: null,
139 verbose parsed url   host: null,
139 verbose parsed url   port: null,
139 verbose parsed url   hostname: null,
139 verbose parsed url   hash: null,
139 verbose parsed url   search: null,
139 verbose parsed url   query: null,
139 verbose parsed url   pathname: 'parseurl@~1.3.0',
139 verbose parsed url   path: 'parseurl@~1.3.0',
139 verbose parsed url   href: 'parseurl@~1.3.0' }
140 verbose cache add [ 'uid-safe@~2.0.0', null ]
141 verbose cache add name=undefined spec="uid-safe@~2.0.0" args=["uid-safe@~2.0.0",null]
142 verbose parsed url { protocol: null,
142 verbose parsed url   slashes: null,
142 verbose parsed url   auth: null,
142 verbose parsed url   host: null,
142 verbose parsed url   port: null,
142 verbose parsed url   hostname: null,
142 verbose parsed url   hash: null,
142 verbose parsed url   search: null,
142 verbose parsed url   query: null,
142 verbose parsed url   pathname: 'uid-safe@~2.0.0',
142 verbose parsed url   path: 'uid-safe@~2.0.0',
142 verbose parsed url   href: 'uid-safe@~2.0.0' }
143 verbose cache add [ 'utils-merge@1.0.0', null ]
144 verbose cache add name=undefined spec="utils-merge@1.0.0" args=["utils-merge@1.0.0",null]
145 verbose parsed url { protocol: null,
145 verbose parsed url   slashes: null,
145 verbose parsed url   auth: null,
145 verbose parsed url   host: null,
145 verbose parsed url   port: null,
145 verbose parsed url   hostname: null,
145 verbose parsed url   hash: null,
145 verbose parsed url   search: null,
145 verbose parsed url   query: null,
145 verbose parsed url   pathname: 'utils-merge@1.0.0',
145 verbose parsed url   path: 'utils-merge@1.0.0',
145 verbose parsed url   href: 'utils-merge@1.0.0' }
146 verbose cache add name="parseurl" spec="~1.3.0" args=["parseurl","~1.3.0"]
147 verbose parsed url { protocol: null,
147 verbose parsed url   slashes: null,
147 verbose parsed url   auth: null,
147 verbose parsed url   host: null,
147 verbose parsed url   port: null,
147 verbose parsed url   hostname: null,
147 verbose parsed url   hash: null,
147 verbose parsed url   search: null,
147 verbose parsed url   query: null,
147 verbose parsed url   pathname: '~1.3.0',
147 verbose parsed url   path: '~1.3.0',
147 verbose parsed url   href: '~1.3.0' }
148 verbose addNamed [ 'parseurl', '~1.3.0' ]
149 verbose addNamed [ null, '>=1.3.0-0 <1.4.0-0' ]
150 silly lockFile 24650040-parseurl-1-3-0 parseurl@~1.3.0
151 verbose lock parseurl@~1.3.0 /home/shwetha/.npm/24650040-parseurl-1-3-0.lock
152 verbose cache add name="uid-safe" spec="~2.0.0" args=["uid-safe","~2.0.0"]
153 verbose parsed url { protocol: null,
153 verbose parsed url   slashes: null,
153 verbose parsed url   auth: null,
153 verbose parsed url   host: null,
153 verbose parsed url   port: null,
153 verbose parsed url   hostname: null,
153 verbose parsed url   hash: null,
153 verbose parsed url   search: null,
153 verbose parsed url   query: null,
153 verbose parsed url   pathname: '~2.0.0',
153 verbose parsed url   path: '~2.0.0',
153 verbose parsed url   href: '~2.0.0' }
154 verbose addNamed [ 'uid-safe', '~2.0.0' ]
155 verbose addNamed [ null, '>=2.0.0-0 <2.1.0-0' ]
156 silly lockFile cdef9574-uid-safe-2-0-0 uid-safe@~2.0.0
157 verbose lock uid-safe@~2.0.0 /home/shwetha/.npm/cdef9574-uid-safe-2-0-0.lock
158 verbose cache add name="utils-merge" spec="1.0.0" args=["utils-merge","1.0.0"]
159 verbose parsed url { protocol: null,
159 verbose parsed url   slashes: null,
159 verbose parsed url   auth: null,
159 verbose parsed url   host: null,
159 verbose parsed url   port: null,
159 verbose parsed url   hostname: null,
159 verbose parsed url   hash: null,
159 verbose parsed url   search: null,
159 verbose parsed url   query: null,
159 verbose parsed url   pathname: '1.0.0',
159 verbose parsed url   path: '1.0.0',
159 verbose parsed url   href: '1.0.0' }
160 verbose addNamed [ 'utils-merge', '1.0.0' ]
161 verbose addNamed [ '1.0.0', '1.0.0' ]
162 silly lockFile f563025b-utils-merge-1-0-0 utils-merge@1.0.0
163 verbose lock utils-merge@1.0.0 /home/shwetha/.npm/f563025b-utils-merge-1-0-0.lock
164 silly addNameRange { name: 'depd', range: '>=1.0.1-0 <1.1.0-0', hasData: false }
165 silly addNameRange { name: 'on-headers',
165 silly addNameRange   range: '>=1.0.0-0 <1.1.0-0',
165 silly addNameRange   hasData: false }
166 verbose request where is /crc
167 verbose request registry https://registry.npmjs.org/
168 verbose url raw /crc
169 verbose url resolving [ 'https://registry.npmjs.org/', './crc' ]
170 verbose url resolved https://registry.npmjs.org/crc
171 verbose request where is https://registry.npmjs.org/crc
172 info trying registry request attempt 1 at 18:23:13
173 http GET https://registry.npmjs.org/crc
174 silly addNameRange { name: 'parseurl', range: '>=1.3.0-0 <1.4.0-0', hasData: false }
175 silly addNameRange { name: 'uid-safe', range: '>=2.0.0-0 <2.1.0-0', hasData: false }
176 verbose request where is /uid-safe
177 verbose request registry https://registry.npmjs.org/
178 verbose url raw /uid-safe
179 verbose url resolving [ 'https://registry.npmjs.org/', './uid-safe' ]
180 verbose url resolved https://registry.npmjs.org/uid-safe
181 verbose request where is https://registry.npmjs.org/uid-safe
182 info trying registry request attempt 1 at 18:23:13
183 http GET https://registry.npmjs.org/uid-safe
184 verbose request where is /cookie
185 verbose request registry https://registry.npmjs.org/
186 verbose url raw /cookie
187 verbose url resolving [ 'https://registry.npmjs.org/', './cookie' ]
188 verbose url resolved https://registry.npmjs.org/cookie
189 verbose request where is https://registry.npmjs.org/cookie
190 info trying registry request attempt 1 at 18:23:13
191 verbose etag "37AMP13ZBH10B9QDU95LPGNJR"
192 http GET https://registry.npmjs.org/cookie
193 verbose request where is /cookie-signature
194 verbose request registry https://registry.npmjs.org/
195 verbose url raw /cookie-signature
196 verbose url resolving [ 'https://registry.npmjs.org/', './cookie-signature' ]
197 verbose url resolved https://registry.npmjs.org/cookie-signature
198 verbose request where is https://registry.npmjs.org/cookie-signature
199 info trying registry request attempt 1 at 18:23:13
200 verbose etag "1TO82ELEJLTZ585H8AVOBWHXI"
201 http GET https://registry.npmjs.org/cookie-signature
202 verbose request where is /depd
203 verbose request registry https://registry.npmjs.org/
204 verbose url raw /depd
205 verbose url resolving [ 'https://registry.npmjs.org/', './depd' ]
206 verbose url resolved https://registry.npmjs.org/depd
207 verbose request where is https://registry.npmjs.org/depd
208 info trying registry request attempt 1 at 18:23:13
209 verbose etag "D51XQ8IB2NO2EXAU1UFAY1A1L"
210 http GET https://registry.npmjs.org/depd
211 verbose request where is /on-headers
212 verbose request registry https://registry.npmjs.org/
213 verbose url raw /on-headers
214 verbose url resolving [ 'https://registry.npmjs.org/', './on-headers' ]
215 verbose url resolved https://registry.npmjs.org/on-headers
216 verbose request where is https://registry.npmjs.org/on-headers
217 info trying registry request attempt 1 at 18:23:13
218 verbose etag "DYB7TJKL5TIG5ECGVCYYAN00E"
219 http GET https://registry.npmjs.org/on-headers
220 verbose request where is /parseurl
221 verbose request registry https://registry.npmjs.org/
222 verbose url raw /parseurl
223 verbose url resolving [ 'https://registry.npmjs.org/', './parseurl' ]
224 verbose url resolved https://registry.npmjs.org/parseurl
225 verbose request where is https://registry.npmjs.org/parseurl
226 info trying registry request attempt 1 at 18:23:13
227 verbose etag "AZ14E10FS2KGEEAMHB22NHR02"
228 http GET https://registry.npmjs.org/parseurl
229 verbose request where is /utils-merge
230 verbose request registry https://registry.npmjs.org/
231 verbose url raw /utils-merge
232 verbose url resolving [ 'https://registry.npmjs.org/', './utils-merge' ]
233 verbose url resolved https://registry.npmjs.org/utils-merge
234 verbose request where is https://registry.npmjs.org/utils-merge
235 info trying registry request attempt 1 at 18:23:13
236 verbose etag "9Q9YINNXF92C56K61JKACZRBY"
237 http GET https://registry.npmjs.org/utils-merge
238 http 200 https://registry.npmjs.org/uid-safe
239 silly registry.get cb [ 200,
239 silly registry.get   { server: 'CouchDB/1.5.0 (Erlang OTP/R16B03)',
239 silly registry.get     etag: '"AFH9MTPCZAL52ZRPGWXEC7FHK"',
239 silly registry.get     'content-type': 'application/json',
239 silly registry.get     'cache-control': 'max-age=60',
239 silly registry.get     'content-length': '11925',
239 silly registry.get     'accept-ranges': 'bytes',
239 silly registry.get     date: 'Tue, 22 Sep 2015 12:52:14 GMT',
239 silly registry.get     via: '1.1 varnish',
239 silly registry.get     age: '54',
239 silly registry.get     connection: 'keep-alive',
239 silly registry.get     'x-served-by': 'cache-sin6923-SIN',
239 silly registry.get     'x-cache': 'HIT',
239 silly registry.get     'x-cache-hits': '2',
239 silly registry.get     'x-timer': 'S1442926334.234501,VS0,VE0',
239 silly registry.get     vary: 'Accept' } ]
240 silly addNameRange number 2 { name: 'uid-safe', range: '>=2.0.0-0 <2.1.0-0', hasData: true }
241 silly addNameRange versions [ 'uid-safe',
241 silly addNameRange   [ '1.0.0', '1.0.1', '1.0.2', '1.0.3', '1.1.0', '2.0.0' ] ]
242 verbose addNamed [ 'uid-safe', '2.0.0' ]
243 verbose addNamed [ '2.0.0', '2.0.0' ]
244 silly lockFile 26aab8c9-uid-safe-2-0-0 uid-safe@2.0.0
245 verbose lock uid-safe@2.0.0 /home/shwetha/.npm/26aab8c9-uid-safe-2-0-0.lock
246 silly lockFile 51825b46--org-uid-safe-uid-safe-2-0-0-tgz https://registry.npmjs.org/uid-safe/-/uid-safe-2.0.0.tgz
247 verbose lock https://registry.npmjs.org/uid-safe/-/uid-safe-2.0.0.tgz /home/shwetha/.npm/51825b46--org-uid-safe-uid-safe-2-0-0-tgz.lock
248 http 304 https://registry.npmjs.org/cookie
249 silly registry.get cb [ 304,
249 silly registry.get   { date: 'Tue, 22 Sep 2015 12:52:14 GMT',
249 silly registry.get     via: '1.1 varnish',
249 silly registry.get     'cache-control': 'max-age=60',
249 silly registry.get     etag: '"37AMP13ZBH10B9QDU95LPGNJR"',
249 silly registry.get     age: '19',
249 silly registry.get     connection: 'keep-alive',
249 silly registry.get     'x-served-by': 'cache-sin6920-SIN',
249 silly registry.get     'x-cache': 'HIT',
249 silly registry.get     'x-cache-hits': '4',
249 silly registry.get     'x-timer': 'S1442926334.258431,VS0,VE0',
249 silly registry.get     vary: 'Accept' } ]
250 verbose etag https://registry.npmjs.org/cookie from cache
251 http 304 https://registry.npmjs.org/cookie-signature
252 silly registry.get cb [ 304,
252 silly registry.get   { date: 'Tue, 22 Sep 2015 12:52:14 GMT',
252 silly registry.get     via: '1.1 varnish',
252 silly registry.get     'cache-control': 'max-age=60',
252 silly registry.get     etag: '"1TO82ELEJLTZ585H8AVOBWHXI"',
252 silly registry.get     age: '41',
252 silly registry.get     connection: 'keep-alive',
252 silly registry.get     'x-served-by': 'cache-sin6924-SIN',
252 silly registry.get     'x-cache': 'HIT',
252 silly registry.get     'x-cache-hits': '28',
252 silly registry.get     'x-timer': 'S1442926334.260789,VS0,VE0',
252 silly registry.get     vary: 'Accept' } ]
253 verbose etag https://registry.npmjs.org/cookie-signature from cache
254 verbose addRemoteTarball [ 'https://registry.npmjs.org/uid-safe/-/uid-safe-2.0.0.tgz',
254 verbose addRemoteTarball   'a7f3c6ca64a1f6a5d04ec0ef3e4c3d5367317137' ]
255 http 304 https://registry.npmjs.org/depd
256 silly registry.get cb [ 304,
256 silly registry.get   { date: 'Tue, 22 Sep 2015 12:52:14 GMT',
256 silly registry.get     via: '1.1 varnish',
256 silly registry.get     'cache-control': 'max-age=60',
256 silly registry.get     etag: '"D51XQ8IB2NO2EXAU1UFAY1A1L"',
256 silly registry.get     age: '10',
256 silly registry.get     connection: 'keep-alive',
256 silly registry.get     'x-served-by': 'cache-sin6923-SIN',
256 silly registry.get     'x-cache': 'HIT',
256 silly registry.get     'x-cache-hits': '1',
256 silly registry.get     'x-timer': 'S1442926334.260852,VS0,VE0',
256 silly registry.get     vary: 'Accept' } ]
257 verbose etag https://registry.npmjs.org/depd from cache
258 silly addNameRange number 2 { name: 'depd', range: '>=1.0.1-0 <1.1.0-0', hasData: true }
259 silly addNameRange versions [ 'depd',
259 silly addNameRange   [ '0.0.0',
259 silly addNameRange     '0.0.1',
259 silly addNameRange     '0.1.0',
259 silly addNameRange     '0.2.0',
259 silly addNameRange     '0.3.0',
259 silly addNameRange     '0.4.0',
259 silly addNameRange     '0.4.1',
259 silly addNameRange     '0.4.2',
259 silly addNameRange     '0.4.3',
259 silly addNameRange     '0.4.4',
259 silly addNameRange     '0.4.5',
259 silly addNameRange     '1.0.0',
259 silly addNameRange     '1.0.1',
259 silly addNameRange     '1.1.0' ] ]
260 verbose addNamed [ 'depd', '1.0.1' ]
261 verbose addNamed [ '1.0.1', '1.0.1' ]
262 silly lockFile c7d31122-depd-1-0-1 depd@1.0.1
263 verbose lock depd@1.0.1 /home/shwetha/.npm/c7d31122-depd-1-0-1.lock
264 http 304 https://registry.npmjs.org/on-headers
265 silly registry.get cb [ 304,
265 silly registry.get   { date: 'Tue, 22 Sep 2015 12:52:14 GMT',
265 silly registry.get     via: '1.1 varnish',
265 silly registry.get     'cache-control': 'max-age=60',
265 silly registry.get     etag: '"DYB7TJKL5TIG5ECGVCYYAN00E"',
265 silly registry.get     age: '21',
265 silly registry.get     connection: 'keep-alive',
265 silly registry.get     'x-served-by': 'cache-sin6923-SIN',
265 silly registry.get     'x-cache': 'HIT',
265 silly registry.get     'x-cache-hits': '1',
265 silly registry.get     'x-timer': 'S1442926334.274968,VS0,VE0',
265 silly registry.get     vary: 'Accept' } ]
266 verbose etag https://registry.npmjs.org/on-headers from cache
267 http 200 https://registry.npmjs.org/crc
268 silly registry.get cb [ 200,
268 silly registry.get   { server: 'CouchDB/1.5.0 (Erlang OTP/R16B03)',
268 silly registry.get     etag: '"81NY55UMRVWXDA9C4SGG2EGK7"',
268 silly registry.get     'content-type': 'application/json',
268 silly registry.get     'cache-control': 'max-age=60',
268 silly registry.get     'content-length': '19096',
268 silly registry.get     'accept-ranges': 'bytes',
268 silly registry.get     date: 'Tue, 22 Sep 2015 12:52:14 GMT',
268 silly registry.get     via: '1.1 varnish',
268 silly registry.get     age: '54',
268 silly registry.get     connection: 'keep-alive',
268 silly registry.get     'x-served-by': 'cache-sin6922-SIN',
268 silly registry.get     'x-cache': 'HIT',
268 silly registry.get     'x-cache-hits': '2',
268 silly registry.get     'x-timer': 'S1442926334.248101,VS0,VE0',
268 silly registry.get     vary: 'Accept' } ]
269 silly addNameRange number 2 { name: 'on-headers',
269 silly addNameRange   range: '>=1.0.0-0 <1.1.0-0',
269 silly addNameRange   hasData: true }
270 silly addNameRange versions [ 'on-headers', [ '0.0.0', '1.0.0' ] ]
271 verbose addNamed [ 'on-headers', '1.0.0' ]
272 verbose addNamed [ '1.0.0', '1.0.0' ]
273 silly lockFile 19fe307e-on-headers-1-0-0 on-headers@1.0.0
274 verbose lock on-headers@1.0.0 /home/shwetha/.npm/19fe307e-on-headers-1-0-0.lock
275 silly lockFile 1c1b4286-stry-npmjs-org-crc-crc-3-3-0-tgz https://registry.npmjs.org/crc/-/crc-3.3.0.tgz
276 verbose lock https://registry.npmjs.org/crc/-/crc-3.3.0.tgz /home/shwetha/.npm/1c1b4286-stry-npmjs-org-crc-crc-3-3-0-tgz.lock
277 http 304 https://registry.npmjs.org/parseurl
278 silly registry.get cb [ 304,
278 silly registry.get   { date: 'Tue, 22 Sep 2015 12:52:14 GMT',
278 silly registry.get     via: '1.1 varnish',
278 silly registry.get     'cache-control': 'max-age=60',
278 silly registry.get     etag: '"AZ14E10FS2KGEEAMHB22NHR02"',
278 silly registry.get     age: '36',
278 silly registry.get     connection: 'keep-alive',
278 silly registry.get     'x-served-by': 'cache-sin6920-SIN',
278 silly registry.get     'x-cache': 'HIT',
278 silly registry.get     'x-cache-hits': '1',
278 silly registry.get     'x-timer': 'S1442926334.321395,VS0,VE0',
278 silly registry.get     vary: 'Accept' } ]
279 verbose etag https://registry.npmjs.org/parseurl from cache
280 verbose addRemoteTarball [ 'https://registry.npmjs.org/crc/-/crc-3.3.0.tgz',
280 verbose addRemoteTarball   'fa622e1bc388bf257309082d6b65200ce67090ba' ]
281 silly lockFile 73d54cec-cookie-signature-1-0-6 cookie-signature@1.0.6
282 silly lockFile 73d54cec-cookie-signature-1-0-6 cookie-signature@1.0.6
283 silly lockFile e880fb32-cookie-0-1-3 cookie@0.1.3
284 silly lockFile e880fb32-cookie-0-1-3 cookie@0.1.3
285 silly lockFile c7d31122-depd-1-0-1 depd@1.0.1
286 silly lockFile c7d31122-depd-1-0-1 depd@1.0.1
287 silly lockFile 96f022c4-depd-1-0-1 depd@~1.0.1
288 silly lockFile 96f022c4-depd-1-0-1 depd@~1.0.1
289 silly addNameRange number 2 { name: 'parseurl', range: '>=1.3.0-0 <1.4.0-0', hasData: true }
290 silly addNameRange versions [ 'parseurl',
290 silly addNameRange   [ '1.0.0',
290 silly addNameRange     '1.0.1',
290 silly addNameRange     '1.1.0',
290 silly addNameRange     '1.1.1',
290 silly addNameRange     '1.1.2',
290 silly addNameRange     '1.1.3',
290 silly addNameRange     '1.2.0',
290 silly addNameRange     '1.3.0' ] ]
291 verbose addNamed [ 'parseurl', '1.3.0' ]
292 verbose addNamed [ '1.3.0', '1.3.0' ]
293 silly lockFile 7b3b7804-parseurl-1-3-0 parseurl@1.3.0
294 verbose lock parseurl@1.3.0 /home/shwetha/.npm/7b3b7804-parseurl-1-3-0.lock
295 info retry fetch attempt 1 at 18:23:13
296 verbose fetch to= /tmp/npm-5117-bJaVlsvm/registry.npmjs.org/uid-safe/-/uid-safe-2.0.0.tgz
297 info retry fetch attempt 1 at 18:23:13
298 verbose fetch to= /tmp/npm-5117-bJaVlsvm/registry.npmjs.org/crc/-/crc-3.3.0.tgz
299 http GET https://registry.npmjs.org/uid-safe/-/uid-safe-2.0.0.tgz
300 http GET https://registry.npmjs.org/crc/-/crc-3.3.0.tgz
301 silly lockFile 19fe307e-on-headers-1-0-0 on-headers@1.0.0
302 silly lockFile 19fe307e-on-headers-1-0-0 on-headers@1.0.0
303 silly lockFile 40f6b5f7-on-headers-1-0-0 on-headers@~1.0.0
304 silly lockFile 40f6b5f7-on-headers-1-0-0 on-headers@~1.0.0
305 silly lockFile 7b3b7804-parseurl-1-3-0 parseurl@1.3.0
306 silly lockFile 7b3b7804-parseurl-1-3-0 parseurl@1.3.0
307 silly lockFile 24650040-parseurl-1-3-0 parseurl@~1.3.0
308 silly lockFile 24650040-parseurl-1-3-0 parseurl@~1.3.0
309 http 304 https://registry.npmjs.org/utils-merge
310 silly registry.get cb [ 304,
310 silly registry.get   { date: 'Tue, 22 Sep 2015 12:52:14 GMT',
310 silly registry.get     via: '1.1 varnish',
310 silly registry.get     'cache-control': 'max-age=60',
310 silly registry.get     etag: '"9Q9YINNXF92C56K61JKACZRBY"',
310 silly registry.get     age: '0',
310 silly registry.get     connection: 'keep-alive',
310 silly registry.get     'x-served-by': 'cache-sin6922-SIN',
310 silly registry.get     'x-cache': 'HIT',
310 silly registry.get     'x-cache-hits': '1',
310 silly registry.get     'x-timer': 'S1442926334.309246,VS0,VE248',
310 silly registry.get     vary: 'Accept' } ]
311 verbose etag https://registry.npmjs.org/utils-merge from cache
312 silly lockFile f563025b-utils-merge-1-0-0 utils-merge@1.0.0
313 silly lockFile f563025b-utils-merge-1-0-0 utils-merge@1.0.0
314 http 200 https://registry.npmjs.org/uid-safe/-/uid-safe-2.0.0.tgz
315 silly lockFile 51825b46--org-uid-safe-uid-safe-2-0-0-tgz https://registry.npmjs.org/uid-safe/-/uid-safe-2.0.0.tgz
316 silly lockFile 51825b46--org-uid-safe-uid-safe-2-0-0-tgz https://registry.npmjs.org/uid-safe/-/uid-safe-2.0.0.tgz
317 silly lockFile 26aab8c9-uid-safe-2-0-0 uid-safe@2.0.0
318 silly lockFile 26aab8c9-uid-safe-2-0-0 uid-safe@2.0.0
319 silly lockFile cdef9574-uid-safe-2-0-0 uid-safe@~2.0.0
320 silly lockFile cdef9574-uid-safe-2-0-0 uid-safe@~2.0.0
321 http 200 https://registry.npmjs.org/crc/-/crc-3.3.0.tgz
322 silly lockFile 1c1b4286-stry-npmjs-org-crc-crc-3-3-0-tgz https://registry.npmjs.org/crc/-/crc-3.3.0.tgz
323 silly lockFile 1c1b4286-stry-npmjs-org-crc-crc-3-3-0-tgz https://registry.npmjs.org/crc/-/crc-3.3.0.tgz
324 silly lockFile 3d3cb47d-crc-3-3-0 crc@3.3.0
325 silly lockFile 3d3cb47d-crc-3-3-0 crc@3.3.0
326 silly resolved [ { name: 'cookie-signature',
326 silly resolved     version: '1.0.6',
326 silly resolved     description: 'Sign and unsign cookies',
326 silly resolved     keywords: [ 'cookie', 'sign', 'unsign' ],
326 silly resolved     author: { name: 'TJ Holowaychuk', email: 'tj@learnboost.com' },
326 silly resolved     license: 'MIT',
326 silly resolved     repository:
326 silly resolved      { type: 'git',
326 silly resolved        url: 'https://github.com/visionmedia/node-cookie-signature.git' },
326 silly resolved     dependencies: {},
326 silly resolved     devDependencies: { mocha: '*', should: '*' },
326 silly resolved     scripts: { test: 'mocha --require should --reporter spec' },
326 silly resolved     main: 'index',
326 silly resolved     gitHead: '391b56cf44d88c493491b7e3fc53208cfb976d2a',
326 silly resolved     bugs: { url: 'https://github.com/visionmedia/node-cookie-signature/issues' },
326 silly resolved     homepage: 'https://github.com/visionmedia/node-cookie-signature',
326 silly resolved     _id: 'cookie-signature@1.0.6',
326 silly resolved     _shasum: 'e303a882b342cc3ee8ca513a79999734dab3ae2c',
326 silly resolved     _from: 'cookie-signature@1.0.6',
326 silly resolved     _npmVersion: '2.3.0',
326 silly resolved     _nodeVersion: '0.10.36',
326 silly resolved     _npmUser: { name: 'natevw', email: 'natevw@yahoo.com' },
326 silly resolved     maintainers: [ [Object], [Object] ],
326 silly resolved     dist:
326 silly resolved      { shasum: 'e303a882b342cc3ee8ca513a79999734dab3ae2c',
326 silly resolved        tarball: 'http://registry.npmjs.org/cookie-signature/-/cookie-signature-1.0.6.tgz' },
326 silly resolved     directories: {},
326 silly resolved     _resolved: 'https://registry.npmjs.org/cookie-signature/-/cookie-signature-1.0.6.tgz',
326 silly resolved     readme: 'ERROR: No README data found!' },
326 silly resolved   { name: 'cookie',
326 silly resolved     description: 'cookie parsing and serialization',
326 silly resolved     version: '0.1.3',
326 silly resolved     author: { name: 'Roman Shtylman', email: 'shtylman@gmail.com' },
326 silly resolved     license: 'MIT',
326 silly resolved     keywords: [ 'cookie', 'cookies' ],
326 silly resolved     repository: { type: 'git', url: 'https://github.com/jshttp/cookie' },
326 silly resolved     devDependencies: { istanbul: '0.3.9', mocha: '1.x.x' },
326 silly resolved     files: [ 'LICENSE', 'README.md', 'index.js' ],
326 silly resolved     engines: { node: '*' },
326 silly resolved     scripts:
326 silly resolved      { test: 'mocha --reporter spec --bail --check-leaks test/',
326 silly resolved        'test-ci': 'istanbul cover node_modules/mocha/bin/_mocha --report lcovonly -- --reporter spec --check-leaks test/',
326 silly resolved        'test-cov': 'istanbul cover node_modules/mocha/bin/_mocha -- --reporter dot --check-leaks test/' },
326 silly resolved     gitHead: 'f46097723c16f920a7b9759e154c34792e1d1a3b',
326 silly resolved     bugs: { url: 'https://github.com/jshttp/cookie/issues' },
326 silly resolved     homepage: 'https://github.com/jshttp/cookie',
326 silly resolved     _id: 'cookie@0.1.3',
326 silly resolved     _shasum: 'e734a5c1417fce472d5aef82c381cabb64d1a435',
326 silly resolved     _from: 'cookie@0.1.3',
326 silly resolved     _npmVersion: '1.4.28',
326 silly resolved     _npmUser: { name: 'dougwilson', email: 'doug@somethingdoug.com' },
326 silly resolved     maintainers: [ [Object], [Object], [Object] ],
326 silly resolved     dist:
326 silly resolved      { shasum: 'e734a5c1417fce472d5aef82c381cabb64d1a435',
326 silly resolved        tarball: 'http://registry.npmjs.org/cookie/-/cookie-0.1.3.tgz' },
326 silly resolved     directories: {},
326 silly resolved     _resolved: 'https://registry.npmjs.org/cookie/-/cookie-0.1.3.tgz',
326 silly resolved     readme: 'ERROR: No README data found!' },
326 silly resolved   { name: 'depd',
326 silly resolved     description: 'Deprecate all the things',
326 silly resolved     version: '1.0.1',
326 silly resolved     author:
326 silly resolved      { name: 'Douglas Christopher Wilson',
326 silly resolved        email: 'doug@somethingdoug.com' },
326 silly resolved     license: 'MIT',
326 silly resolved     keywords: [ 'deprecate', 'deprecated' ],
326 silly resolved     repository:
326 silly resolved      { type: 'git',
326 silly resolved        url: 'https://github.com/dougwilson/nodejs-depd' },
326 silly resolved     devDependencies:
326 silly resolved      { benchmark: '1.0.0',
326 silly resolved        'beautify-benchmark': '0.2.4',
326 silly resolved        istanbul: '0.3.5',
326 silly resolved        mocha: '~1.21.5' },
326 silly resolved     files: [ 'lib/', 'History.md', 'LICENSE', 'index.js', 'Readme.md' ],
326 silly resolved     engines: { node: '>= 0.6' },
326 silly resolved     scripts:
326 silly resolved      { bench: 'node benchmark/index.js',
326 silly resolved        test: 'mocha --reporter spec --bail test/',
326 silly resolved        'test-ci': 'istanbul cover node_modules/mocha/bin/_mocha --report lcovonly -- --reporter spec --no-exit test/',
326 silly resolved        'test-cov': 'istanbul cover node_modules/mocha/bin/_mocha -- --reporter dot test/' },
326 silly resolved     gitHead: '769e0f8108463c35a6937a9d634ab19fee45100a',
326 silly resolved     bugs: { url: 'https://github.com/dougwilson/nodejs-depd/issues' },
326 silly resolved     homepage: 'https://github.com/dougwilson/nodejs-depd',
326 silly resolved     _id: 'depd@1.0.1',
326 silly resolved     _shasum: '80aec64c9d6d97e65cc2a9caa93c0aa6abf73aaa',
326 silly resolved     _from: 'depd@~1.0.1',
326 silly resolved     _npmVersion: '1.4.28',
326 silly resolved     _npmUser: { name: 'dougwilson', email: 'doug@somethingdoug.com' },
326 silly resolved     maintainers: [ [Object] ],
326 silly resolved     dist:
326 silly resolved      { shasum: '80aec64c9d6d97e65cc2a9caa93c0aa6abf73aaa',
326 silly resolved        tarball: 'http://registry.npmjs.org/depd/-/depd-1.0.1.tgz' },
326 silly resolved     directories: {},
326 silly resolved     _resolved: 'https://registry.npmjs.org/depd/-/depd-1.0.1.tgz',
326 silly resolved     readme: 'ERROR: No README data found!' },
326 silly resolved   { name: 'on-headers',
326 silly resolved     description: 'Execute a listener when a response is about to write headers',
326 silly resolved     version: '1.0.0',
326 silly resolved     author:
326 silly resolved      { name: 'Douglas Christopher Wilson',
326 silly resolved        email: 'doug@somethingdoug.com' },
326 silly resolved     license: 'MIT',
326 silly resolved     keywords: [ 'event', 'headers', 'http', 'onheaders' ],
326 silly resolved     repository: { type: 'git', url: 'https://github.com/jshttp/on-headers' },
326 silly resolved     dependencies: {},
326 silly resolved     devDependencies: { istanbul: '0.3.0', mocha: '~1.21.4', supertest: '~0.13.0' },
326 silly resolved     engines: { node: '>= 0.8.0' },
326 silly resolved     scripts:
326 silly resolved      { test: 'mocha --reporter spec --bail --check-leaks test/',
326 silly resolved        'test-cov': 'istanbul cover node_modules/mocha/bin/_mocha -- --reporter dot --check-leaks test/',
326 silly resolved        'test-travis': 'istanbul cover node_modules/mocha/bin/_mocha --report lcovonly -- --reporter spec --check-leaks test/' },
326 silly resolved     gitHead: '434950a0748cd38bf9a04f3fd4f3ff89cf565fda',
326 silly resolved     bugs: { url: 'https://github.com/jshttp/on-headers/issues' },
326 silly resolved     homepage: 'https://github.com/jshttp/on-headers',
326 silly resolved     _id: 'on-headers@1.0.0',
326 silly resolved     _shasum: '2c75b5da4375513d0161c6052e7fcbe4953fca5d',
326 silly resolved     _from: 'on-headers@~1.0.0',
326 silly resolved     _npmVersion: '1.4.21',
326 silly resolved     _npmUser: { name: 'dougwilson', email: 'doug@somethingdoug.com' },
326 silly resolved     maintainers: [ [Object] ],
326 silly resolved     dist:
326 silly resolved      { shasum: '2c75b5da4375513d0161c6052e7fcbe4953fca5d',
326 silly resolved        tarball: 'http://registry.npmjs.org/on-headers/-/on-headers-1.0.0.tgz' },
326 silly resolved     directories: {},
326 silly resolved     _resolved: 'https://registry.npmjs.org/on-headers/-/on-headers-1.0.0.tgz',
326 silly resolved     readme: 'ERROR: No README data found!' },
326 silly resolved   { name: 'parseurl',
326 silly resolved     description: 'parse a url with memoization',
326 silly resolved     version: '1.3.0',
326 silly resolved     author:
326 silly resolved      { name: 'Jonathan Ong',
326 silly resolved        email: 'me@jongleberry.com',
326 silly resolved        url: 'http://jongleberry.com' },
326 silly resolved     contributors: [ [Object] ],
326 silly resolved     repository: { type: 'git', url: 'https://github.com/expressjs/parseurl' },
326 silly resolved     license: 'MIT',
326 silly resolved     devDependencies:
326 silly resolved      { benchmark: '1.0.0',
326 silly resolved        'beautify-benchmark': '0.2.4',
326 silly resolved        'fast-url-parser': '~1.0.0',
326 silly resolved        istanbul: '0.3.0',
326 silly resolved        mocha: '~1.21.4' },
326 silly resolved     scripts:
326 silly resolved      { bench: 'node benchmark/index.js',
326 silly resolved        test: 'mocha --check-leaks --bail --reporter spec test/',
326 silly resolved        'test-cov': 'istanbul cover node_modules/mocha/bin/_mocha -- --check-leaks --reporter dot test/',
326 silly resolved        'test-travis': 'istanbul cover node_modules/mocha/bin/_mocha --report lcovonly -- --check-leaks --reporter spec test/' },
326 silly resolved     gitHead: '03b7ccca240e2bef5df6c25797e99175d28fb2cb',
326 silly resolved     bugs: { url: 'https://github.com/expressjs/parseurl/issues' },
326 silly resolved     homepage: 'https://github.com/expressjs/parseurl',
326 silly resolved     _id: 'parseurl@1.3.0',
326 silly resolved     _shasum: 'b58046db4223e145afa76009e61bac87cc2281b3',
326 silly resolved     _from: 'parseurl@~1.3.0',
326 silly resolved     _npmVersion: '1.4.21',
326 silly resolved     _npmUser: { name: 'dougwilson', email: 'doug@somethingdoug.com' },
326 silly resolved     maintainers: [ [Object], [Object], [Object], [Object], [Object], [Object] ],
326 silly resolved     dist:
326 silly resolved      { shasum: 'b58046db4223e145afa76009e61bac87cc2281b3',
326 silly resolved        tarball: 'http://registry.npmjs.org/parseurl/-/parseurl-1.3.0.tgz' },
326 silly resolved     directories: {},
326 silly resolved     _resolved: 'https://registry.npmjs.org/parseurl/-/parseurl-1.3.0.tgz',
326 silly resolved     readme: 'ERROR: No README data found!' },
326 silly resolved   { name: 'utils-merge',
326 silly resolved     version: '1.0.0',
326 silly resolved     description: 'merge() utility function',
326 silly resolved     keywords: [ 'util' ],
326 silly resolved     repository:
326 silly resolved      { type: 'git',
326 silly resolved        url: 'git://github.com/jaredhanson/utils-merge.git' },
326 silly resolved     bugs: { url: 'http://github.com/jaredhanson/utils-merge/issues' },
326 silly resolved     author:
326 silly resolved      { name: 'Jared Hanson',
326 silly resolved        email: 'jaredhanson@gmail.com',
326 silly resolved        url: 'http://www.jaredhanson.net/' },
326 silly resolved     licenses: [ [Object] ],
326 silly resolved     main: './index',
326 silly resolved     dependencies: {},
326 silly resolved     devDependencies: { mocha: '1.x.x', chai: '1.x.x' },
326 silly resolved     scripts: { test: 'mocha --reporter spec --require test/bootstrap/node test/*.test.js' },
326 silly resolved     engines: { node: '>= 0.4.0' },
326 silly resolved     _id: 'utils-merge@1.0.0',
326 silly resolved     dist:
326 silly resolved      { shasum: '0294fb922bb9375153541c4f7096231f287c8af8',
326 silly resolved        tarball: 'http://registry.npmjs.org/utils-merge/-/utils-merge-1.0.0.tgz' },
326 silly resolved     _from: 'utils-merge@1.0.0',
326 silly resolved     _npmVersion: '1.2.25',
326 silly resolved     _npmUser: { name: 'jaredhanson', email: 'jaredhanson@gmail.com' },
326 silly resolved     maintainers: [ [Object] ],
326 silly resolved     directories: {},
326 silly resolved     _shasum: '0294fb922bb9375153541c4f7096231f287c8af8',
326 silly resolved     _resolved: 'https://registry.npmjs.org/utils-merge/-/utils-merge-1.0.0.tgz',
326 silly resolved     readme: 'ERROR: No README data found!',
326 silly resolved     homepage: 'https://github.com/jaredhanson/utils-merge' },
326 silly resolved   { name: 'uid-safe',
326 silly resolved     description: 'URL and cookie safe UIDs',
326 silly resolved     version: '2.0.0',
326 silly resolved     contributors: [ [Object], [Object] ],
326 silly resolved     license: 'MIT',
326 silly resolved     repository: { type: 'git', url: 'https://github.com/crypto-utils/uid-safe' },
326 silly resolved     dependencies: { 'base64-url': '1.2.1' },
326 silly resolved     devDependencies:
326 silly resolved      { bluebird: '2.9.25',
326 silly resolved        istanbul: '0.3.9',
326 silly resolved        mocha: '~2.2.4',
326 silly resolved        proxyquire: '~1.2.0' },
326 silly resolved     files: [ 'LICENSE', 'HISTORY.md', 'README.md', 'index.js' ],
326 silly resolved     engines: { node: '>= 0.8' },
326 silly resolved     scripts:
326 silly resolved      { test: 'mocha --trace-deprecation --reporter spec --bail --check-leaks test/',
326 silly resolved        'test-cov': 'istanbul cover node_modules/mocha/bin/_mocha -- --trace-deprecation --reporter dot --check-leaks test/',
326 silly resolved        'test-travis': 'istanbul cover node_modules/mocha/bin/_mocha --report lcovonly -- --trace-deprecation --reporter spec --check-leaks test/' },
326 silly resolved     keywords: [ 'random', 'generator', 'uid', 'safe' ],
326 silly resolved     gitHead: 'bf6e105748aec52992efc6da50964378984f49e9',
326 silly resolved     bugs: { url: 'https://github.com/crypto-utils/uid-safe/issues' },
326 silly resolved     homepage: 'https://github.com/crypto-utils/uid-safe',
326 silly resolved     _id: 'uid-safe@2.0.0',
326 silly resolved     _shasum: 'a7f3c6ca64a1f6a5d04ec0ef3e4c3d5367317137',
326 silly resolved     _from: 'uid-safe@~2.0.0',
326 silly resolved     _npmVersion: '1.4.28',
326 silly resolved     _npmUser: { name: 'dougwilson', email: 'doug@somethingdoug.com' },
326 silly resolved     maintainers: [ [Object], [Object], [Object] ],
326 silly resolved     dist:
326 silly resolved      { shasum: 'a7f3c6ca64a1f6a5d04ec0ef3e4c3d5367317137',
326 silly resolved        tarball: 'http://registry.npmjs.org/uid-safe/-/uid-safe-2.0.0.tgz' },
326 silly resolved     directories: {},
326 silly resolved     _resolved: 'https://registry.npmjs.org/uid-safe/-/uid-safe-2.0.0.tgz' },
326 silly resolved   { name: 'crc',
326 silly resolved     version: '3.3.0',
326 silly resolved     description: 'Various CRC JavaScript implementations',
326 silly resolved     keywords: [ 'crc' ],
326 silly resolved     main: './lib/index.js',
326 silly resolved     scripts:
326 silly resolved      { test: 'mocha test/*.spec.coffee',
326 silly resolved        pretest: 'coffee --bare --output ./lib --compile ./src/*.coffee' },
326 silly resolved     author:
326 silly resolved      { name: 'Alex Gorbatchev',
326 silly resolved        url: 'https://github.com/alexgorbatchev' },
326 silly resolved     devDependencies:
326 silly resolved      { 'beautify-benchmark': '^0.2.4',
326 silly resolved        benchmark: '^1.0.0',
326 silly resolved        'buffer-crc32': '^0.2.3',
326 silly resolved        chai: '~1.9.1',
326 silly resolved        'coffee-errors': '~0.8.6',
326 silly resolved        'coffee-script': '~1.7.1',
326 silly resolved        mocha: '*',
326 silly resolved        seedrandom: '^2.3.6' },
326 silly resolved     homepage: 'https://github.com/alexgorbatchev/node-crc',
326 silly resolved     bugs: { url: 'https://github.com/alexgorbatchev/node-crc/issues' },
326 silly resolved     repository:
326 silly resolved      { type: 'git',
326 silly resolved        url: 'git://github.com/alexgorbatchev/node-crc.git' },
326 silly resolved     license: 'MIT',
326 silly resolved     gitHead: '5ec5f3c74cd5a0315ac428af695743ff447a6723',
326 silly resolved     _id: 'crc@3.3.0',
326 silly resolved     _shasum: 'fa622e1bc388bf257309082d6b65200ce67090ba',
326 silly resolved     _from: 'crc@3.3.0',
326 silly resolved     _npmVersion: '2.7.4',
326 silly resolved     _nodeVersion: '0.12.2',
326 silly resolved     _npmUser: { name: 'alexgorbatchev', email: 'alex.gorbatchev@gmail.com' },
326 silly resolved     dist:
326 silly resolved      { shasum: 'fa622e1bc388bf257309082d6b65200ce67090ba',
326 silly resolved        tarball: 'http://registry.npmjs.org/crc/-/crc-3.3.0.tgz' },
326 silly resolved     maintainers: [ [Object] ],
326 silly resolved     directories: {},
326 silly resolved     _resolved: 'https://registry.npmjs.org/crc/-/crc-3.3.0.tgz' } ]
327 info install cookie-signature@1.0.6 into /home/shwetha/IIITH/sem3/SCE_TA/evaluator/node_modules/express-session
328 info install cookie@0.1.3 into /home/shwetha/IIITH/sem3/SCE_TA/evaluator/node_modules/express-session
329 info install depd@1.0.1 into /home/shwetha/IIITH/sem3/SCE_TA/evaluator/node_modules/express-session
330 info install on-headers@1.0.0 into /home/shwetha/IIITH/sem3/SCE_TA/evaluator/node_modules/express-session
331 info install parseurl@1.3.0 into /home/shwetha/IIITH/sem3/SCE_TA/evaluator/node_modules/express-session
332 info install utils-merge@1.0.0 into /home/shwetha/IIITH/sem3/SCE_TA/evaluator/node_modules/express-session
333 info install uid-safe@2.0.0 into /home/shwetha/IIITH/sem3/SCE_TA/evaluator/node_modules/express-session
334 info install crc@3.3.0 into /home/shwetha/IIITH/sem3/SCE_TA/evaluator/node_modules/express-session
335 info installOne cookie-signature@1.0.6
336 info installOne cookie@0.1.3
337 info installOne depd@1.0.1
338 info installOne on-headers@1.0.0
339 info installOne parseurl@1.3.0
340 info installOne utils-merge@1.0.0
341 info installOne uid-safe@2.0.0
342 info installOne crc@3.3.0
343 verbose node_modules/express-session/node_modules/cookie-signature unbuild
344 verbose node_modules/express-session/node_modules/cookie unbuild
345 verbose node_modules/express-session/node_modules/depd unbuild
346 verbose node_modules/express-session/node_modules/on-headers unbuild
347 verbose node_modules/express-session/node_modules/parseurl unbuild
348 verbose node_modules/express-session/node_modules/utils-merge unbuild
349 verbose tar unpack /home/shwetha/.npm/cookie-signature/1.0.6/package.tgz
350 silly lockFile 3e8b485d-on-node-modules-cookie-signature tar:///home/shwetha/IIITH/sem3/SCE_TA/evaluator/node_modules/express-session/node_modules/cookie-signature
351 verbose lock tar:///home/shwetha/IIITH/sem3/SCE_TA/evaluator/node_modules/express-session/node_modules/cookie-signature /home/shwetha/.npm/3e8b485d-on-node-modules-cookie-signature.lock
352 silly lockFile 36ded283-okie-signature-1-0-6-package-tgz tar:///home/shwetha/.npm/cookie-signature/1.0.6/package.tgz
353 verbose lock tar:///home/shwetha/.npm/cookie-signature/1.0.6/package.tgz /home/shwetha/.npm/36ded283-okie-signature-1-0-6-package-tgz.lock
354 verbose tar unpack /home/shwetha/.npm/cookie/0.1.3/package.tgz
355 silly lockFile 583d1a98-ress-session-node-modules-cookie tar:///home/shwetha/IIITH/sem3/SCE_TA/evaluator/node_modules/express-session/node_modules/cookie
356 verbose lock tar:///home/shwetha/IIITH/sem3/SCE_TA/evaluator/node_modules/express-session/node_modules/cookie /home/shwetha/.npm/583d1a98-ress-session-node-modules-cookie.lock
357 silly lockFile ffb3ce78-tha-npm-cookie-0-1-3-package-tgz tar:///home/shwetha/.npm/cookie/0.1.3/package.tgz
358 verbose lock tar:///home/shwetha/.npm/cookie/0.1.3/package.tgz /home/shwetha/.npm/ffb3ce78-tha-npm-cookie-0-1-3-package-tgz.lock
359 verbose tar unpack /home/shwetha/.npm/depd/1.0.1/package.tgz
360 silly lockFile 928e30d4-xpress-session-node-modules-depd tar:///home/shwetha/IIITH/sem3/SCE_TA/evaluator/node_modules/express-session/node_modules/depd
361 verbose lock tar:///home/shwetha/IIITH/sem3/SCE_TA/evaluator/node_modules/express-session/node_modules/depd /home/shwetha/.npm/928e30d4-xpress-session-node-modules-depd.lock
362 silly lockFile a97b6287-wetha-npm-depd-1-0-1-package-tgz tar:///home/shwetha/.npm/depd/1.0.1/package.tgz
363 verbose lock tar:///home/shwetha/.npm/depd/1.0.1/package.tgz /home/shwetha/.npm/a97b6287-wetha-npm-depd-1-0-1-package-tgz.lock
364 verbose tar unpack /home/shwetha/.npm/on-headers/1.0.0/package.tgz
365 silly lockFile 80c2da26--session-node-modules-on-headers tar:///home/shwetha/IIITH/sem3/SCE_TA/evaluator/node_modules/express-session/node_modules/on-headers
366 verbose lock tar:///home/shwetha/IIITH/sem3/SCE_TA/evaluator/node_modules/express-session/node_modules/on-headers /home/shwetha/.npm/80c2da26--session-node-modules-on-headers.lock
367 silly lockFile 1c57dc8c-npm-on-headers-1-0-0-package-tgz tar:///home/shwetha/.npm/on-headers/1.0.0/package.tgz
368 verbose lock tar:///home/shwetha/.npm/on-headers/1.0.0/package.tgz /home/shwetha/.npm/1c57dc8c-npm-on-headers-1-0-0-package-tgz.lock
369 verbose tar unpack /home/shwetha/.npm/parseurl/1.3.0/package.tgz
370 silly lockFile 50a0ca9d-ss-session-node-modules-parseurl tar:///home/shwetha/IIITH/sem3/SCE_TA/evaluator/node_modules/express-session/node_modules/parseurl
371 verbose lock tar:///home/shwetha/IIITH/sem3/SCE_TA/evaluator/node_modules/express-session/node_modules/parseurl /home/shwetha/.npm/50a0ca9d-ss-session-node-modules-parseurl.lock
372 silly lockFile 3bf8e703-a-npm-parseurl-1-3-0-package-tgz tar:///home/shwetha/.npm/parseurl/1.3.0/package.tgz
373 verbose lock tar:///home/shwetha/.npm/parseurl/1.3.0/package.tgz /home/shwetha/.npm/3bf8e703-a-npm-parseurl-1-3-0-package-tgz.lock
374 verbose tar unpack /home/shwetha/.npm/utils-merge/1.0.0/package.tgz
375 silly lockFile 6cf7ae80-session-node-modules-utils-merge tar:///home/shwetha/IIITH/sem3/SCE_TA/evaluator/node_modules/express-session/node_modules/utils-merge
376 verbose lock tar:///home/shwetha/IIITH/sem3/SCE_TA/evaluator/node_modules/express-session/node_modules/utils-merge /home/shwetha/.npm/6cf7ae80-session-node-modules-utils-merge.lock
377 silly lockFile 7bca06bb-pm-utils-merge-1-0-0-package-tgz tar:///home/shwetha/.npm/utils-merge/1.0.0/package.tgz
378 verbose lock tar:///home/shwetha/.npm/utils-merge/1.0.0/package.tgz /home/shwetha/.npm/7bca06bb-pm-utils-merge-1-0-0-package-tgz.lock
379 verbose node_modules/express-session/node_modules/uid-safe unbuild
380 verbose node_modules/express-session/node_modules/crc unbuild
381 silly gunzTarPerm modes [ '775', '664' ]
382 silly gunzTarPerm modes [ '775', '664' ]
383 silly gunzTarPerm modes [ '775', '664' ]
384 silly gunzTarPerm modes [ '775', '664' ]
385 silly gunzTarPerm modes [ '775', '664' ]
386 silly gunzTarPerm modes [ '775', '664' ]
387 verbose tar unpack /home/shwetha/.npm/uid-safe/2.0.0/package.tgz
388 silly lockFile 22829454-ss-session-node-modules-uid-safe tar:///home/shwetha/IIITH/sem3/SCE_TA/evaluator/node_modules/express-session/node_modules/uid-safe
389 verbose lock tar:///home/shwetha/IIITH/sem3/SCE_TA/evaluator/node_modules/express-session/node_modules/uid-safe /home/shwetha/.npm/22829454-ss-session-node-modules-uid-safe.lock
390 silly lockFile 3eb9a2a3-a-npm-uid-safe-2-0-0-package-tgz tar:///home/shwetha/.npm/uid-safe/2.0.0/package.tgz
391 verbose lock tar:///home/shwetha/.npm/uid-safe/2.0.0/package.tgz /home/shwetha/.npm/3eb9a2a3-a-npm-uid-safe-2-0-0-package-tgz.lock
392 verbose tar unpack /home/shwetha/.npm/crc/3.3.0/package.tgz
393 silly lockFile ae1e556b-express-session-node-modules-crc tar:///home/shwetha/IIITH/sem3/SCE_TA/evaluator/node_modules/express-session/node_modules/crc
394 verbose lock tar:///home/shwetha/IIITH/sem3/SCE_TA/evaluator/node_modules/express-session/node_modules/crc /home/shwetha/.npm/ae1e556b-express-session-node-modules-crc.lock
395 silly lockFile 32eb2c5f-hwetha-npm-crc-3-3-0-package-tgz tar:///home/shwetha/.npm/crc/3.3.0/package.tgz
396 verbose lock tar:///home/shwetha/.npm/crc/3.3.0/package.tgz /home/shwetha/.npm/32eb2c5f-hwetha-npm-crc-3-3-0-package-tgz.lock
397 silly gunzTarPerm extractEntry package.json
398 silly gunzTarPerm modified mode [ 'package.json', 420, 436 ]
399 silly gunzTarPerm modes [ '775', '664' ]
400 silly gunzTarPerm modes [ '775', '664' ]
401 silly gunzTarPerm extractEntry package.json
402 silly gunzTarPerm modified mode [ 'package.json', 438, 436 ]
403 silly gunzTarPerm extractEntry package.json
404 silly gunzTarPerm modified mode [ 'package.json', 438, 436 ]
405 silly gunzTarPerm extractEntry .npmignore
406 silly gunzTarPerm modified mode [ '.npmignore', 420, 436 ]
407 silly gunzTarPerm extractEntry index.js
408 silly gunzTarPerm modified mode [ 'index.js', 420, 436 ]
409 silly gunzTarPerm extractEntry README.md
410 silly gunzTarPerm modified mode [ 'README.md', 438, 436 ]
411 silly gunzTarPerm extractEntry LICENSE
412 silly gunzTarPerm modified mode [ 'LICENSE', 438, 436 ]
413 silly gunzTarPerm extractEntry LICENSE
414 silly gunzTarPerm modified mode [ 'LICENSE', 438, 436 ]
415 silly gunzTarPerm extractEntry index.js
416 silly gunzTarPerm modified mode [ 'index.js', 438, 436 ]
417 silly gunzTarPerm extractEntry package.json
418 silly gunzTarPerm modified mode [ 'package.json', 438, 436 ]
419 silly gunzTarPerm extractEntry package.json
420 silly gunzTarPerm modified mode [ 'package.json', 420, 436 ]
421 silly gunzTarPerm extractEntry package.json
422 silly gunzTarPerm modified mode [ 'package.json', 438, 436 ]
423 silly gunzTarPerm extractEntry package.json
424 silly gunzTarPerm modified mode [ 'package.json', 438, 436 ]
425 silly gunzTarPerm extractEntry README.md
426 silly gunzTarPerm modified mode [ 'README.md', 438, 436 ]
427 silly gunzTarPerm extractEntry LICENSE
428 silly gunzTarPerm modified mode [ 'LICENSE', 438, 436 ]
429 silly gunzTarPerm extractEntry .npmignore
430 silly gunzTarPerm modified mode [ '.npmignore', 420, 436 ]
431 silly gunzTarPerm extractEntry README.md
432 silly gunzTarPerm modified mode [ 'README.md', 420, 436 ]
433 silly gunzTarPerm extractEntry History.md
434 silly gunzTarPerm modified mode [ 'History.md', 420, 436 ]
435 silly gunzTarPerm extractEntry Readme.md
436 silly gunzTarPerm modified mode [ 'Readme.md', 420, 436 ]
437 silly gunzTarPerm extractEntry package.json
438 silly gunzTarPerm modified mode [ 'package.json', 420, 436 ]
439 silly gunzTarPerm extractEntry .npmignore
440 silly gunzTarPerm modified mode [ '.npmignore', 438, 436 ]
441 silly gunzTarPerm extractEntry README.md
442 silly gunzTarPerm modified mode [ 'README.md', 438, 436 ]
443 silly gunzTarPerm extractEntry .npmignore
444 silly gunzTarPerm modified mode [ '.npmignore', 438, 436 ]
445 silly gunzTarPerm extractEntry README.md
446 silly gunzTarPerm modified mode [ 'README.md', 438, 436 ]
447 silly gunzTarPerm extractEntry index.js
448 silly gunzTarPerm modified mode [ 'index.js', 438, 436 ]
449 silly gunzTarPerm extractEntry History.md
450 silly gunzTarPerm modified mode [ 'History.md', 438, 436 ]
451 silly gunzTarPerm extractEntry Readme.md
452 silly gunzTarPerm modified mode [ 'Readme.md', 438, 436 ]
453 silly gunzTarPerm extractEntry lib/compat/buffer-concat.js
454 silly gunzTarPerm modified mode [ 'lib/compat/buffer-concat.js', 438, 436 ]
455 silly gunzTarPerm extractEntry lib/compat/callsite-tostring.js
456 silly gunzTarPerm modified mode [ 'lib/compat/callsite-tostring.js', 438, 436 ]
457 silly gunzTarPerm extractEntry lib/compat/index.js
458 silly gunzTarPerm modified mode [ 'lib/compat/index.js', 438, 436 ]
459 silly gunzTarPerm extractEntry README.md
460 silly gunzTarPerm modified mode [ 'README.md', 420, 436 ]
461 silly gunzTarPerm extractEntry LICENSE
462 silly gunzTarPerm modified mode [ 'LICENSE', 420, 436 ]
463 silly gunzTarPerm extractEntry LICENSE
464 silly gunzTarPerm modified mode [ 'LICENSE', 420, 436 ]
465 silly gunzTarPerm extractEntry lib/crc.js
466 silly gunzTarPerm modified mode [ 'lib/crc.js', 420, 436 ]
467 silly gunzTarPerm extractEntry index.js
468 silly gunzTarPerm modified mode [ 'index.js', 438, 436 ]
469 silly gunzTarPerm extractEntry HISTORY.md
470 silly gunzTarPerm modified mode [ 'HISTORY.md', 438, 436 ]
471 silly gunzTarPerm extractEntry LICENSE
472 silly gunzTarPerm modified mode [ 'LICENSE', 438, 436 ]
473 silly gunzTarPerm extractEntry index.js
474 silly gunzTarPerm modified mode [ 'index.js', 438, 436 ]
475 silly gunzTarPerm extractEntry LICENSE
476 silly gunzTarPerm modified mode [ 'LICENSE', 438, 436 ]
477 silly gunzTarPerm extractEntry index.js
478 silly gunzTarPerm modified mode [ 'index.js', 438, 436 ]
479 silly gunzTarPerm extractEntry index.js
480 silly gunzTarPerm modified mode [ 'index.js', 420, 436 ]
481 silly gunzTarPerm extractEntry .travis.yml
482 silly gunzTarPerm modified mode [ '.travis.yml', 420, 436 ]
483 silly gunzTarPerm extractEntry lib/crc16_ccitt.js
484 silly gunzTarPerm modified mode [ 'lib/crc16_ccitt.js', 420, 436 ]
485 silly gunzTarPerm extractEntry lib/crc16_modbus.js
486 silly gunzTarPerm modified mode [ 'lib/crc16_modbus.js', 420, 436 ]
487 silly gunzTarPerm extractEntry History.md
488 silly gunzTarPerm modified mode [ 'History.md', 438, 436 ]
489 silly gunzTarPerm extractEntry HISTORY.md
490 silly gunzTarPerm modified mode [ 'HISTORY.md', 438, 436 ]
491 silly gunzTarPerm extractEntry lib/crc16_xmodem.js
492 silly gunzTarPerm modified mode [ 'lib/crc16_xmodem.js', 420, 436 ]
493 silly gunzTarPerm extractEntry lib/crc16.js
494 silly gunzTarPerm modified mode [ 'lib/crc16.js', 420, 436 ]
495 silly gunzTarPerm extractEntry lib/crc32.js
496 silly gunzTarPerm modified mode [ 'lib/crc32.js', 420, 436 ]
497 silly lockFile 583d1a98-ress-session-node-modules-cookie tar:///home/shwetha/IIITH/sem3/SCE_TA/evaluator/node_modules/express-session/node_modules/cookie
498 silly lockFile 583d1a98-ress-session-node-modules-cookie tar:///home/shwetha/IIITH/sem3/SCE_TA/evaluator/node_modules/express-session/node_modules/cookie
499 silly lockFile ffb3ce78-tha-npm-cookie-0-1-3-package-tgz tar:///home/shwetha/.npm/cookie/0.1.3/package.tgz
500 silly lockFile ffb3ce78-tha-npm-cookie-0-1-3-package-tgz tar:///home/shwetha/.npm/cookie/0.1.3/package.tgz
501 silly lockFile 3e8b485d-on-node-modules-cookie-signature tar:///home/shwetha/IIITH/sem3/SCE_TA/evaluator/node_modules/express-session/node_modules/cookie-signature
502 silly lockFile 3e8b485d-on-node-modules-cookie-signature tar:///home/shwetha/IIITH/sem3/SCE_TA/evaluator/node_modules/express-session/node_modules/cookie-signature
503 silly lockFile 36ded283-okie-signature-1-0-6-package-tgz tar:///home/shwetha/.npm/cookie-signature/1.0.6/package.tgz
504 silly lockFile 36ded283-okie-signature-1-0-6-package-tgz tar:///home/shwetha/.npm/cookie-signature/1.0.6/package.tgz
505 info preinstall cookie@0.1.3
506 info preinstall cookie-signature@1.0.6
507 verbose readDependencies using package.json deps
508 verbose readDependencies using package.json deps
509 silly resolved []
510 verbose about to build /home/shwetha/IIITH/sem3/SCE_TA/evaluator/node_modules/express-session/node_modules/cookie
511 info build /home/shwetha/IIITH/sem3/SCE_TA/evaluator/node_modules/express-session/node_modules/cookie
512 verbose linkStuff [ false,
512 verbose linkStuff   false,
512 verbose linkStuff   false,
512 verbose linkStuff   '/home/shwetha/IIITH/sem3/SCE_TA/evaluator/node_modules/express-session/node_modules' ]
513 info linkStuff cookie@0.1.3
514 verbose linkBins cookie@0.1.3
515 verbose linkMans cookie@0.1.3
516 verbose rebuildBundles cookie@0.1.3
517 silly gunzTarPerm extractEntry lib/crc8.js
518 silly gunzTarPerm modified mode [ 'lib/crc8.js', 420, 436 ]
519 silly gunzTarPerm extractEntry lib/crc8_1wire.js
520 silly gunzTarPerm modified mode [ 'lib/crc8_1wire.js', 420, 436 ]
521 info install cookie@0.1.3
522 verbose readDependencies using package.json deps
523 verbose readDependencies using package.json deps
524 silly resolved []
525 verbose about to build /home/shwetha/IIITH/sem3/SCE_TA/evaluator/node_modules/express-session/node_modules/cookie-signature
526 info build /home/shwetha/IIITH/sem3/SCE_TA/evaluator/node_modules/express-session/node_modules/cookie-signature
527 verbose linkStuff [ false,
527 verbose linkStuff   false,
527 verbose linkStuff   false,
527 verbose linkStuff   '/home/shwetha/IIITH/sem3/SCE_TA/evaluator/node_modules/express-session/node_modules' ]
528 info linkStuff cookie-signature@1.0.6
529 verbose linkBins cookie-signature@1.0.6
530 verbose linkMans cookie-signature@1.0.6
531 verbose rebuildBundles cookie-signature@1.0.6
532 info postinstall cookie@0.1.3
533 info install cookie-signature@1.0.6
534 silly lockFile 6cf7ae80-session-node-modules-utils-merge tar:///home/shwetha/IIITH/sem3/SCE_TA/evaluator/node_modules/express-session/node_modules/utils-merge
535 silly lockFile 6cf7ae80-session-node-modules-utils-merge tar:///home/shwetha/IIITH/sem3/SCE_TA/evaluator/node_modules/express-session/node_modules/utils-merge
536 silly lockFile 7bca06bb-pm-utils-merge-1-0-0-package-tgz tar:///home/shwetha/.npm/utils-merge/1.0.0/package.tgz
537 silly lockFile 7bca06bb-pm-utils-merge-1-0-0-package-tgz tar:///home/shwetha/.npm/utils-merge/1.0.0/package.tgz
538 info postinstall cookie-signature@1.0.6
539 silly lockFile 22829454-ss-session-node-modules-uid-safe tar:///home/shwetha/IIITH/sem3/SCE_TA/evaluator/node_modules/express-session/node_modules/uid-safe
540 silly lockFile 22829454-ss-session-node-modules-uid-safe tar:///home/shwetha/IIITH/sem3/SCE_TA/evaluator/node_modules/express-session/node_modules/uid-safe
541 silly lockFile 3eb9a2a3-a-npm-uid-safe-2-0-0-package-tgz tar:///home/shwetha/.npm/uid-safe/2.0.0/package.tgz
542 silly lockFile 3eb9a2a3-a-npm-uid-safe-2-0-0-package-tgz tar:///home/shwetha/.npm/uid-safe/2.0.0/package.tgz
543 info preinstall utils-merge@1.0.0
544 verbose readDependencies using package.json deps
545 info preinstall uid-safe@2.0.0
546 verbose readDependencies using package.json deps
547 silly resolved []
548 verbose about to build /home/shwetha/IIITH/sem3/SCE_TA/evaluator/node_modules/express-session/node_modules/utils-merge
549 info build /home/shwetha/IIITH/sem3/SCE_TA/evaluator/node_modules/express-session/node_modules/utils-merge
550 verbose linkStuff [ false,
550 verbose linkStuff   false,
550 verbose linkStuff   false,
550 verbose linkStuff   '/home/shwetha/IIITH/sem3/SCE_TA/evaluator/node_modules/express-session/node_modules' ]
551 info linkStuff utils-merge@1.0.0
552 verbose linkBins utils-merge@1.0.0
553 verbose linkMans utils-merge@1.0.0
554 verbose rebuildBundles utils-merge@1.0.0
555 silly gunzTarPerm extractEntry lib/create.js
556 silly gunzTarPerm modified mode [ 'lib/create.js', 420, 436 ]
557 silly gunzTarPerm extractEntry lib/hex.js
558 silly gunzTarPerm modified mode [ 'lib/hex.js', 420, 436 ]
559 info install utils-merge@1.0.0
560 silly lockFile 80c2da26--session-node-modules-on-headers tar:///home/shwetha/IIITH/sem3/SCE_TA/evaluator/node_modules/express-session/node_modules/on-headers
561 silly lockFile 80c2da26--session-node-modules-on-headers tar:///home/shwetha/IIITH/sem3/SCE_TA/evaluator/node_modules/express-session/node_modules/on-headers
562 verbose readDependencies using package.json deps
563 silly lockFile 1c57dc8c-npm-on-headers-1-0-0-package-tgz tar:///home/shwetha/.npm/on-headers/1.0.0/package.tgz
564 silly lockFile 1c57dc8c-npm-on-headers-1-0-0-package-tgz tar:///home/shwetha/.npm/on-headers/1.0.0/package.tgz
565 info postinstall utils-merge@1.0.0
566 verbose readDependencies using package.json deps
567 verbose cache add [ 'base64-url@1.2.1', null ]
568 verbose cache add name=undefined spec="base64-url@1.2.1" args=["base64-url@1.2.1",null]
569 verbose parsed url { protocol: null,
569 verbose parsed url   slashes: null,
569 verbose parsed url   auth: null,
569 verbose parsed url   host: null,
569 verbose parsed url   port: null,
569 verbose parsed url   hostname: null,
569 verbose parsed url   hash: null,
569 verbose parsed url   search: null,
569 verbose parsed url   query: null,
569 verbose parsed url   pathname: 'base64-url@1.2.1',
569 verbose parsed url   path: 'base64-url@1.2.1',
569 verbose parsed url   href: 'base64-url@1.2.1' }
570 silly lockFile 50a0ca9d-ss-session-node-modules-parseurl tar:///home/shwetha/IIITH/sem3/SCE_TA/evaluator/node_modules/express-session/node_modules/parseurl
571 silly lockFile 50a0ca9d-ss-session-node-modules-parseurl tar:///home/shwetha/IIITH/sem3/SCE_TA/evaluator/node_modules/express-session/node_modules/parseurl
572 verbose cache add name="base64-url" spec="1.2.1" args=["base64-url","1.2.1"]
573 verbose parsed url { protocol: null,
573 verbose parsed url   slashes: null,
573 verbose parsed url   auth: null,
573 verbose parsed url   host: null,
573 verbose parsed url   port: null,
573 verbose parsed url   hostname: null,
573 verbose parsed url   hash: null,
573 verbose parsed url   search: null,
573 verbose parsed url   query: null,
573 verbose parsed url   pathname: '1.2.1',
573 verbose parsed url   path: '1.2.1',
573 verbose parsed url   href: '1.2.1' }
574 verbose addNamed [ 'base64-url', '1.2.1' ]
575 verbose addNamed [ '1.2.1', '1.2.1' ]
576 silly lockFile cff0dfae-base64-url-1-2-1 base64-url@1.2.1
577 verbose lock base64-url@1.2.1 /home/shwetha/.npm/cff0dfae-base64-url-1-2-1.lock
578 silly lockFile 3bf8e703-a-npm-parseurl-1-3-0-package-tgz tar:///home/shwetha/.npm/parseurl/1.3.0/package.tgz
579 silly lockFile 3bf8e703-a-npm-parseurl-1-3-0-package-tgz tar:///home/shwetha/.npm/parseurl/1.3.0/package.tgz
580 info preinstall on-headers@1.0.0
581 verbose request where is /base64-url
582 verbose request registry https://registry.npmjs.org/
583 verbose url raw /base64-url
584 verbose url resolving [ 'https://registry.npmjs.org/', './base64-url' ]
585 verbose url resolved https://registry.npmjs.org/base64-url
586 verbose request where is https://registry.npmjs.org/base64-url
587 info trying registry request attempt 1 at 18:23:14
588 http GET https://registry.npmjs.org/base64-url
589 verbose readDependencies using package.json deps
590 info preinstall parseurl@1.3.0
591 verbose readDependencies using package.json deps
592 silly resolved []
593 verbose about to build /home/shwetha/IIITH/sem3/SCE_TA/evaluator/node_modules/express-session/node_modules/on-headers
594 info build /home/shwetha/IIITH/sem3/SCE_TA/evaluator/node_modules/express-session/node_modules/on-headers
595 verbose linkStuff [ false,
595 verbose linkStuff   false,
595 verbose linkStuff   false,
595 verbose linkStuff   '/home/shwetha/IIITH/sem3/SCE_TA/evaluator/node_modules/express-session/node_modules' ]
596 info linkStuff on-headers@1.0.0
597 verbose linkBins on-headers@1.0.0
598 verbose linkMans on-headers@1.0.0
599 verbose rebuildBundles on-headers@1.0.0
600 info install on-headers@1.0.0
601 verbose readDependencies using package.json deps
602 info postinstall on-headers@1.0.0
603 silly gunzTarPerm extractEntry lib/crc1.js
604 silly gunzTarPerm modified mode [ 'lib/crc1.js', 420, 436 ]
605 silly gunzTarPerm extractEntry lib/index.js
606 silly gunzTarPerm modified mode [ 'lib/index.js', 420, 436 ]
607 verbose readDependencies using package.json deps
608 silly resolved []
609 verbose about to build /home/shwetha/IIITH/sem3/SCE_TA/evaluator/node_modules/express-session/node_modules/parseurl
610 info build /home/shwetha/IIITH/sem3/SCE_TA/evaluator/node_modules/express-session/node_modules/parseurl
611 verbose linkStuff [ false,
611 verbose linkStuff   false,
611 verbose linkStuff   false,
611 verbose linkStuff   '/home/shwetha/IIITH/sem3/SCE_TA/evaluator/node_modules/express-session/node_modules' ]
612 info linkStuff parseurl@1.3.0
613 verbose linkBins parseurl@1.3.0
614 verbose linkMans parseurl@1.3.0
615 verbose rebuildBundles parseurl@1.3.0
616 info install parseurl@1.3.0
617 info postinstall parseurl@1.3.0
618 silly gunzTarPerm extractEntry lib/crc24.js
619 silly gunzTarPerm modified mode [ 'lib/crc24.js', 420, 436 ]
620 silly lockFile 928e30d4-xpress-session-node-modules-depd tar:///home/shwetha/IIITH/sem3/SCE_TA/evaluator/node_modules/express-session/node_modules/depd
621 silly lockFile 928e30d4-xpress-session-node-modules-depd tar:///home/shwetha/IIITH/sem3/SCE_TA/evaluator/node_modules/express-session/node_modules/depd
622 silly lockFile a97b6287-wetha-npm-depd-1-0-1-package-tgz tar:///home/shwetha/.npm/depd/1.0.1/package.tgz
623 silly lockFile a97b6287-wetha-npm-depd-1-0-1-package-tgz tar:///home/shwetha/.npm/depd/1.0.1/package.tgz
624 info preinstall depd@1.0.1
625 verbose readDependencies using package.json deps
626 verbose readDependencies using package.json deps
627 silly resolved []
628 verbose about to build /home/shwetha/IIITH/sem3/SCE_TA/evaluator/node_modules/express-session/node_modules/depd
629 info build /home/shwetha/IIITH/sem3/SCE_TA/evaluator/node_modules/express-session/node_modules/depd
630 verbose linkStuff [ false,
630 verbose linkStuff   false,
630 verbose linkStuff   false,
630 verbose linkStuff   '/home/shwetha/IIITH/sem3/SCE_TA/evaluator/node_modules/express-session/node_modules' ]
631 info linkStuff depd@1.0.1
632 verbose linkBins depd@1.0.1
633 verbose linkMans depd@1.0.1
634 verbose rebuildBundles depd@1.0.1
635 info install depd@1.0.1
636 info postinstall depd@1.0.1
637 silly lockFile ae1e556b-express-session-node-modules-crc tar:///home/shwetha/IIITH/sem3/SCE_TA/evaluator/node_modules/express-session/node_modules/crc
638 silly lockFile ae1e556b-express-session-node-modules-crc tar:///home/shwetha/IIITH/sem3/SCE_TA/evaluator/node_modules/express-session/node_modules/crc
639 silly lockFile 32eb2c5f-hwetha-npm-crc-3-3-0-package-tgz tar:///home/shwetha/.npm/crc/3.3.0/package.tgz
640 silly lockFile 32eb2c5f-hwetha-npm-crc-3-3-0-package-tgz tar:///home/shwetha/.npm/crc/3.3.0/package.tgz
641 info preinstall crc@3.3.0
642 verbose readDependencies using package.json deps
643 verbose readDependencies using package.json deps
644 silly resolved []
645 verbose about to build /home/shwetha/IIITH/sem3/SCE_TA/evaluator/node_modules/express-session/node_modules/crc
646 info build /home/shwetha/IIITH/sem3/SCE_TA/evaluator/node_modules/express-session/node_modules/crc
647 verbose linkStuff [ false,
647 verbose linkStuff   false,
647 verbose linkStuff   false,
647 verbose linkStuff   '/home/shwetha/IIITH/sem3/SCE_TA/evaluator/node_modules/express-session/node_modules' ]
648 info linkStuff crc@3.3.0
649 verbose linkBins crc@3.3.0
650 verbose linkMans crc@3.3.0
651 verbose rebuildBundles crc@3.3.0
652 info install crc@3.3.0
653 info postinstall crc@3.3.0
654 http 200 https://registry.npmjs.org/base64-url
655 silly registry.get cb [ 200,
655 silly registry.get   { server: 'CouchDB/1.5.0 (Erlang OTP/R16B03)',
655 silly registry.get     etag: '"5DP8CG98MYH6IOCTSTXK7BKKY"',
655 silly registry.get     'content-type': 'application/json',
655 silly registry.get     'cache-control': 'max-age=60',
655 silly registry.get     'content-length': '7559',
655 silly registry.get     'accept-ranges': 'bytes',
655 silly registry.get     date: 'Tue, 22 Sep 2015 12:52:15 GMT',
655 silly registry.get     via: '1.1 varnish',
655 silly registry.get     age: '53',
655 silly registry.get     connection: 'keep-alive',
655 silly registry.get     'x-served-by': 'cache-sin6923-SIN',
655 silly registry.get     'x-cache': 'HIT',
655 silly registry.get     'x-cache-hits': '1',
655 silly registry.get     'x-timer': 'S1442926335.221500,VS0,VE0',
655 silly registry.get     vary: 'Accept' } ]
656 silly lockFile d3f41679--base64-url-base64-url-1-2-1-tgz https://registry.npmjs.org/base64-url/-/base64-url-1.2.1.tgz
657 verbose lock https://registry.npmjs.org/base64-url/-/base64-url-1.2.1.tgz /home/shwetha/.npm/d3f41679--base64-url-base64-url-1-2-1-tgz.lock
658 verbose addRemoteTarball [ 'https://registry.npmjs.org/base64-url/-/base64-url-1.2.1.tgz',
658 verbose addRemoteTarball   '199fd661702a0e7b7dcae6e0698bb089c52f6d78' ]
659 info retry fetch attempt 1 at 18:23:14
660 verbose fetch to= /tmp/npm-5117-bJaVlsvm/registry.npmjs.org/base64-url/-/base64-url-1.2.1.tgz
661 http GET https://registry.npmjs.org/base64-url/-/base64-url-1.2.1.tgz
662 http 200 https://registry.npmjs.org/base64-url/-/base64-url-1.2.1.tgz
663 silly lockFile d3f41679--base64-url-base64-url-1-2-1-tgz https://registry.npmjs.org/base64-url/-/base64-url-1.2.1.tgz
664 silly lockFile d3f41679--base64-url-base64-url-1-2-1-tgz https://registry.npmjs.org/base64-url/-/base64-url-1.2.1.tgz
665 silly lockFile cff0dfae-base64-url-1-2-1 base64-url@1.2.1
666 silly lockFile cff0dfae-base64-url-1-2-1 base64-url@1.2.1
667 silly resolved [ { name: 'base64-url',
667 silly resolved     version: '1.2.1',
667 silly resolved     description: 'Base64 encode, decode, escape and unescape for URL applications',
667 silly resolved     main: 'index.js',
667 silly resolved     files: [ 'LICENSE', 'README.md', 'index.js' ],
667 silly resolved     scripts:
667 silly resolved      { test: 'istanbul cover tape test.js',
667 silly resolved        jshint: 'jshint -c .jshintrc *.js',
667 silly resolved        'code-style': 'jscs -p google *.js',
667 silly resolved        'check-coverage': 'istanbul check-coverage --statements 100 --functions 100 --lines 100 --branches 100',
667 silly resolved        coverage: 'open coverage/lcov-report/index.html' },
667 silly resolved     repository:
667 silly resolved      { type: 'git',
667 silly resolved        url: 'git://github.com/joaquimserafim/base64-url.git' },
667 silly resolved     keywords: [ 'base64', 'base64url' ],
667 silly resolved     author: { name: '@joaquimserafim' },
667 silly resolved     license: 'ISC',
667 silly resolved     bugs: { url: 'https://github.com/joaquimserafim/base64-url/issues' },
667 silly resolved     homepage: 'https://github.com/joaquimserafim/base64-url',
667 silly resolved     devDependencies:
667 silly resolved      { istanbul: '^0.3.5',
667 silly resolved        jscs: '^1.9.0',
667 silly resolved        jshint: '^2.5.11',
667 silly resolved        'pre-commit': '0.0.9',
667 silly resolved        tape: '^3.0.3',
667 silly resolved        which: '^1.0.8' },
667 silly resolved     'pre-commit': [ 'jshint', 'code-style', 'test', 'check-coverage' ],
667 silly resolved     gitHead: 'a548396819f17b1fb1529791ab8a2c1934d03f3e',
667 silly resolved     _id: 'base64-url@1.2.1',
667 silly resolved     _shasum: '199fd661702a0e7b7dcae6e0698bb089c52f6d78',
667 silly resolved     _from: 'base64-url@1.2.1',
667 silly resolved     _npmVersion: '1.4.28',
667 silly resolved     _npmUser: { name: 'quim', email: 'joaquim.serafim@gmail.com' },
667 silly resolved     maintainers: [ [Object] ],
667 silly resolved     dist:
667 silly resolved      { shasum: '199fd661702a0e7b7dcae6e0698bb089c52f6d78',
667 silly resolved        tarball: 'http://registry.npmjs.org/base64-url/-/base64-url-1.2.1.tgz' },
667 silly resolved     directories: {},
667 silly resolved     _resolved: 'https://registry.npmjs.org/base64-url/-/base64-url-1.2.1.tgz' } ]
668 info install base64-url@1.2.1 into /home/shwetha/IIITH/sem3/SCE_TA/evaluator/node_modules/express-session/node_modules/uid-safe
669 info installOne base64-url@1.2.1
670 verbose node_modules/express-session/node_modules/uid-safe/node_modules/base64-url unbuild
671 verbose tar unpack /home/shwetha/.npm/base64-url/1.2.1/package.tgz
672 silly lockFile 4aa1b2f1-uid-safe-node-modules-base64-url tar:///home/shwetha/IIITH/sem3/SCE_TA/evaluator/node_modules/express-session/node_modules/uid-safe/node_modules/base64-url
673 verbose lock tar:///home/shwetha/IIITH/sem3/SCE_TA/evaluator/node_modules/express-session/node_modules/uid-safe/node_modules/base64-url /home/shwetha/.npm/4aa1b2f1-uid-safe-node-modules-base64-url.lock
674 silly lockFile 21dda7e8-npm-base64-url-1-2-1-package-tgz tar:///home/shwetha/.npm/base64-url/1.2.1/package.tgz
675 verbose lock tar:///home/shwetha/.npm/base64-url/1.2.1/package.tgz /home/shwetha/.npm/21dda7e8-npm-base64-url-1-2-1-package-tgz.lock
676 silly gunzTarPerm modes [ '775', '664' ]
677 silly gunzTarPerm extractEntry package.json
678 silly gunzTarPerm modified mode [ 'package.json', 420, 436 ]
679 silly gunzTarPerm extractEntry README.md
680 silly gunzTarPerm modified mode [ 'README.md', 420, 436 ]
681 silly gunzTarPerm extractEntry LICENSE
682 silly gunzTarPerm modified mode [ 'LICENSE', 420, 436 ]
683 silly gunzTarPerm extractEntry index.js
684 silly gunzTarPerm modified mode [ 'index.js', 420, 436 ]
685 silly lockFile 4aa1b2f1-uid-safe-node-modules-base64-url tar:///home/shwetha/IIITH/sem3/SCE_TA/evaluator/node_modules/express-session/node_modules/uid-safe/node_modules/base64-url
686 silly lockFile 4aa1b2f1-uid-safe-node-modules-base64-url tar:///home/shwetha/IIITH/sem3/SCE_TA/evaluator/node_modules/express-session/node_modules/uid-safe/node_modules/base64-url
687 silly lockFile 21dda7e8-npm-base64-url-1-2-1-package-tgz tar:///home/shwetha/.npm/base64-url/1.2.1/package.tgz
688 silly lockFile 21dda7e8-npm-base64-url-1-2-1-package-tgz tar:///home/shwetha/.npm/base64-url/1.2.1/package.tgz
689 info preinstall base64-url@1.2.1
690 verbose readDependencies using package.json deps
691 verbose readDependencies using package.json deps
692 silly resolved []
693 verbose about to build /home/shwetha/IIITH/sem3/SCE_TA/evaluator/node_modules/express-session/node_modules/uid-safe/node_modules/base64-url
694 info build /home/shwetha/IIITH/sem3/SCE_TA/evaluator/node_modules/express-session/node_modules/uid-safe/node_modules/base64-url
695 verbose linkStuff [ false,
695 verbose linkStuff   false,
695 verbose linkStuff   false,
695 verbose linkStuff   '/home/shwetha/IIITH/sem3/SCE_TA/evaluator/node_modules/express-session/node_modules/uid-safe/node_modules' ]
696 info linkStuff base64-url@1.2.1
697 verbose linkBins base64-url@1.2.1
698 verbose linkMans base64-url@1.2.1
699 verbose rebuildBundles base64-url@1.2.1
700 info install base64-url@1.2.1
701 info postinstall base64-url@1.2.1
702 verbose about to build /home/shwetha/IIITH/sem3/SCE_TA/evaluator/node_modules/express-session/node_modules/uid-safe
703 info build /home/shwetha/IIITH/sem3/SCE_TA/evaluator/node_modules/express-session/node_modules/uid-safe
704 verbose linkStuff [ false,
704 verbose linkStuff   false,
704 verbose linkStuff   false,
704 verbose linkStuff   '/home/shwetha/IIITH/sem3/SCE_TA/evaluator/node_modules/express-session/node_modules' ]
705 info linkStuff uid-safe@2.0.0
706 verbose linkBins uid-safe@2.0.0
707 verbose linkMans uid-safe@2.0.0
708 verbose rebuildBundles uid-safe@2.0.0
709 verbose rebuildBundles [ 'base64-url' ]
710 info install uid-safe@2.0.0
711 info postinstall uid-safe@2.0.0
712 verbose about to build /home/shwetha/IIITH/sem3/SCE_TA/evaluator/node_modules/express-session
713 info build /home/shwetha/IIITH/sem3/SCE_TA/evaluator/node_modules/express-session
714 verbose linkStuff [ false,
714 verbose linkStuff   false,
714 verbose linkStuff   false,
714 verbose linkStuff   '/home/shwetha/IIITH/sem3/SCE_TA/evaluator/node_modules' ]
715 info linkStuff express-session@1.11.3
716 verbose linkBins express-session@1.11.3
717 verbose linkMans express-session@1.11.3
718 verbose rebuildBundles express-session@1.11.3
719 verbose rebuildBundles [ 'cookie',
719 verbose rebuildBundles   'cookie-signature',
719 verbose rebuildBundles   'crc',
719 verbose rebuildBundles   'depd',
719 verbose rebuildBundles   'on-headers',
719 verbose rebuildBundles   'parseurl',
719 verbose rebuildBundles   'uid-safe',
719 verbose rebuildBundles   'utils-merge' ]
720 info install express-session@1.11.3
721 info postinstall express-session@1.11.3
722 info build /home/shwetha/IIITH/sem3/SCE_TA/evaluator
723 verbose linkStuff [ false, false, false, '/home/shwetha/IIITH/sem3/SCE_TA' ]
724 info linkStuff evaluator@0.0.0
725 verbose linkBins evaluator@0.0.0
726 verbose linkMans evaluator@0.0.0
727 verbose rebuildBundles evaluator@0.0.0
728 verbose rebuildBundles [ '.bin',
728 verbose rebuildBundles   'body-parser',
728 verbose rebuildBundles   'cookie-parser',
728 verbose rebuildBundles   'debug',
728 verbose rebuildBundles   'express',
728 verbose rebuildBundles   'express-session',
728 verbose rebuildBundles   'jade',
728 verbose rebuildBundles   'mongoose',
728 verbose rebuildBundles   'morgan',
728 verbose rebuildBundles   'nib',
728 verbose rebuildBundles   'serve-favicon',
728 verbose rebuildBundles   'stylus' ]
729 verbose rebuild bundle /home/shwetha/IIITH/sem3/SCE_TA/evaluator/node_modules/nib
730 info build /home/shwetha/IIITH/sem3/SCE_TA/evaluator/node_modules/nib
731 info preinstall nib@1.1.0
732 verbose linkStuff [ false,
732 verbose linkStuff   false,
732 verbose linkStuff   false,
732 verbose linkStuff   '/home/shwetha/IIITH/sem3/SCE_TA/evaluator/node_modules' ]
733 info linkStuff nib@1.1.0
734 verbose linkBins nib@1.1.0
735 verbose linkMans nib@1.1.0
736 verbose rebuildBundles nib@1.1.0
737 verbose rebuildBundles [ '.bin', 'stylus' ]
738 info install nib@1.1.0
739 info postinstall nib@1.1.0
740 verbose rebuild bundle /home/shwetha/IIITH/sem3/SCE_TA/evaluator/node_modules/stylus
741 info build /home/shwetha/IIITH/sem3/SCE_TA/evaluator/node_modules/stylus
742 info preinstall stylus@0.52.4
743 verbose linkStuff [ false,
743 verbose linkStuff   false,
743 verbose linkStuff   false,
743 verbose linkStuff   '/home/shwetha/IIITH/sem3/SCE_TA/evaluator/node_modules' ]
744 info linkStuff stylus@0.52.4
745 verbose linkBins stylus@0.52.4
746 verbose link bins [ { stylus: './bin/stylus' },
746 verbose link bins   '/home/shwetha/IIITH/sem3/SCE_TA/evaluator/node_modules/.bin',
746 verbose link bins   false ]
747 verbose linkMans stylus@0.52.4
748 verbose rebuildBundles stylus@0.52.4
749 verbose rebuildBundles [ '.bin', 'css-parse', 'glob', 'mkdirp', 'sax', 'source-map' ]
750 error Error: EACCES, unlink '/home/shwetha/IIITH/sem3/SCE_TA/evaluator/node_modules/.bin/stylus'
750 error  { [Error: EACCES, unlink '/home/shwetha/IIITH/sem3/SCE_TA/evaluator/node_modules/.bin/stylus']
750 error   errno: 3,
750 error   code: 'EACCES',
750 error   path: '/home/shwetha/IIITH/sem3/SCE_TA/evaluator/node_modules/.bin/stylus' }
751 error Please try running this command again as root/Administrator.
752 error System Linux 3.16.0-49-generic
753 error command "/usr/bin/node" "/usr/bin/npm" "install"
754 error cwd /home/shwetha/IIITH/sem3/SCE_TA/evaluator
755 error node -v v0.10.37
756 error npm -v 1.4.28
757 error path /home/shwetha/IIITH/sem3/SCE_TA/evaluator/node_modules/.bin/stylus
758 error code EACCES
759 error errno 3
760 error stack Error: EACCES, unlink '/home/shwetha/IIITH/sem3/SCE_TA/evaluator/node_modules/.bin/stylus'
761 verbose exit [ 3, true ]
